Using pre-set license
Built from '2020.3/staging' branch; Version is '2020.3.5f1 (8095aa901b9b) revision 8426922'; Using compiler version '192528614'; Build Type 'Release'
OS: 'Windows 10 Home; OS build 19042.985; Version 2009; 64bit' Language: 'en' Physical Memory: 8076 MB
BatchMode: 1, IsHumanControllingUs: 0, StartBugReporterOnCrash: 0, Is64bit: 1, IsPro: 0

 COMMAND LINE ARGUMENTS:
C:\Program Files\Unity\Hub\Editor\2020.3.5f1\Editor\Unity.exe
-adb2
-batchMode
-noUpm
-name
AssetImportWorker2
-projectPath
C:/Users/mipro/Desktop/GMTK-2021
-logFile
Logs/AssetImportWorker2.log
-srvPort
15054
Successfully changed project path to: C:/Users/mipro/Desktop/GMTK-2021
C:/Users/mipro/Desktop/GMTK-2021
Using Asset Import Pipeline V2.
Refreshing native plugins compatible for Editor in 43.45 ms, found 1 plugins.
Preloading 0 native plugins for Editor in 0.00 ms.
Initialize engine version: 2020.3.5f1 (8095aa901b9b)
[Subsystems] Discovering subsystems at path C:/Program Files/Unity/Hub/Editor/2020.3.5f1/Editor/Data/Resources/UnitySubsystems
[Subsystems] Discovering subsystems at path C:/Users/mipro/Desktop/GMTK-2021/Assets
GfxDevice: creating device client; threaded=0
Direct3D:
    Version:  Direct3D 11.0 [level 11.1]
    Renderer: NVIDIA GeForce MX150 (ID=0x1d12)
    Vendor:   
    VRAM:     1983 MB
    Driver:   27.21.14.6133
Initialize mono
Mono path[0] = 'C:/Program Files/Unity/Hub/Editor/2020.3.5f1/Editor/Data/Managed'
Mono path[1] = 'C:/Program Files/Unity/Hub/Editor/2020.3.5f1/Editor/Data/MonoBleedingEdge/lib/mono/unityjit'
Mono config path = 'C:/Program Files/Unity/Hub/Editor/2020.3.5f1/Editor/Data/MonoBleedingEdge/etc'
Using monoOptions --debugger-agent=transport=dt_socket,embedding=1,server=y,suspend=n,address=127.0.0.1:56960
Begin MonoManager ReloadAssembly
Registering precompiled unity dll's ...
Register platform support module: C:/Program Files/Unity/Hub/Editor/2020.3.5f1/Editor/Data/PlaybackEngines/WindowsStandaloneSupport/UnityEditor.WindowsStandalone.Extensions.dll
Registered in 0.002326 seconds.
Native extension for WindowsStandalone target not found
Refreshing native plugins compatible for Editor in 41.10 ms, found 1 plugins.
Preloading 0 native plugins for Editor in 0.00 ms.
Mono: successfully reloaded assembly
- Completed reload, in  4.632 seconds
Platform modules already initialized, skipping
Registering precompiled user dll's ...
Registered in 0.002571 seconds.
Begin MonoManager ReloadAssembly
Native extension for WindowsStandalone target not found
Refreshing native plugins compatible for Editor in 41.57 ms, found 1 plugins.
Preloading 0 native plugins for Editor in 0.00 ms.
Mono: successfully reloaded assembly
- Completed reload, in  1.129 seconds
Platform modules already initialized, skipping
========================================================================
Worker process is ready to serve import requests
Launched and connected shader compiler UnityShaderCompiler.exe after 0.06 seconds
Refreshing native plugins compatible for Editor in 0.42 ms, found 1 plugins.
Preloading 0 native plugins for Editor in 0.00 ms.
Unloading 1860 Unused Serialized files (Serialized files now loaded: 0)
System memory in use before: 86.6 MB.
System memory in use after: 86.6 MB.

Unloading 26 unused Assets to reduce memory usage. Loaded Objects now: 2308.
Total: 2.330200 ms (FindLiveObjects: 0.168400 ms CreateObjectMapping: 0.058800 ms MarkObjects: 1.960900 ms  DeleteObjects: 0.140400 ms)

========================================================================
Received Import Request.
  path: Assets/Sprite/Mobatlas.png
  artifactKey: Guid(a116c4dca8d8d3a41aef14926efef38b) Importer(815301076,1909f56bfc062723c751e8b465ee728b)
Start importing Assets/Sprite/Mobatlas.png using Guid(a116c4dca8d8d3a41aef14926efef38b) Importer(815301076,1909f56bfc062723c751e8b465ee728b)  -> (artifact id: '1872112ba5efd547abc2e828095ae108') in 0.161552 seconds
  Import took 0.164933 seconds .

========================================================================
Received Import Request.
  Time since last request: 3.375726 seconds.
  path: Assets/Sprite/Mobatlas.png
  artifactKey: Guid(a116c4dca8d8d3a41aef14926efef38b) Importer(815301076,1909f56bfc062723c751e8b465ee728b)
Start importing Assets/Sprite/Mobatlas.png using Guid(a116c4dca8d8d3a41aef14926efef38b) Importer(815301076,1909f56bfc062723c751e8b465ee728b)  -> (artifact id: '61ba65c0f25b1d776469c483a19273ec') in 0.053438 seconds
  Import took 0.057771 seconds .

========================================================================
Received Import Request.
  Time since last request: 48.401775 seconds.
  path: Assets/Animation/Enemy/Cursor.anim
  artifactKey: Guid(acc5d9e1b364a3940acb88239a87beb0) Importer(815301076,1909f56bfc062723c751e8b465ee728b)
Start importing Assets/Animation/Enemy/Cursor.anim using Guid(acc5d9e1b364a3940acb88239a87beb0) Importer(815301076,1909f56bfc062723c751e8b465ee728b)  -> (artifact id: 'cd518cfab7fbf6a093c2d4450ec3254a') in 0.013355 seconds
  Import took 0.018066 seconds .

========================================================================
Received Import Request.
  Time since last request: 0.001209 seconds.
  path: Assets/Animation/Enemy/Cursor.anim
  artifactKey: Guid(acc5d9e1b364a3940acb88239a87beb0) Importer(815301076,1909f56bfc062723c751e8b465ee728b)
Start importing Assets/Animation/Enemy/Cursor.anim using Guid(acc5d9e1b364a3940acb88239a87beb0) Importer(815301076,1909f56bfc062723c751e8b465ee728b)  -> (artifact id: 'cd518cfab7fbf6a093c2d4450ec3254a') in 0.003560 seconds
  Import took 0.007899 seconds .

========================================================================
Received Import Request.
  Time since last request: 2.034690 seconds.
  path: Assets/Animation/Enemy/Mobatlas_16.controller
  artifactKey: Guid(e8f22dc72b4d6c443b0edddf003ba156) Importer(815301076,1909f56bfc062723c751e8b465ee728b)
Start importing Assets/Animation/Enemy/Mobatlas_16.controller using Guid(e8f22dc72b4d6c443b0edddf003ba156) Importer(815301076,1909f56bfc062723c751e8b465ee728b)  -> (artifact id: '38009384eafcbe6d2ceb80720d333370') in 0.013827 seconds
  Import took 0.024471 seconds .

========================================================================
Received Prepare
Registering precompiled user dll's ...
Registered in 0.002116 seconds.
Begin MonoManager ReloadAssembly
Native extension for WindowsStandalone target not found
Refreshing native plugins compatible for Editor in 0.37 ms, found 1 plugins.
Preloading 0 native plugins for Editor in 0.00 ms.
Mono: successfully reloaded assembly
- Completed reload, in  1.078 seconds
Platform modules already initialized, skipping
Refreshing native plugins compatible for Editor in 0.38 ms, found 1 plugins.
Preloading 0 native plugins for Editor in 0.00 ms.
Unloading 1855 Unused Serialized files (Serialized files now loaded: 0)
System memory in use before: 89.7 MB.
System memory in use after: 89.6 MB.

Unloading 14 unused Assets to reduce memory usage. Loaded Objects now: 2319.
Total: 2.816300 ms (FindLiveObjects: 0.314800 ms CreateObjectMapping: 0.112800 ms MarkObjects: 2.269700 ms  DeleteObjects: 0.117200 ms)

========================================================================
Received Prepare
Registering precompiled user dll's ...
Registered in 0.002116 seconds.
Begin MonoManager ReloadAssembly
Native extension for WindowsStandalone target not found
Refreshing native plugins compatible for Editor in 0.40 ms, found 1 plugins.
Preloading 0 native plugins for Editor in 0.00 ms.
Mono: successfully reloaded assembly
- Completed reload, in  1.015 seconds
Platform modules already initialized, skipping
Refreshing native plugins compatible for Editor in 0.46 ms, found 1 plugins.
Preloading 0 native plugins for Editor in 0.00 ms.
Unloading 1855 Unused Serialized files (Serialized files now loaded: 0)
System memory in use before: 89.7 MB.
System memory in use after: 89.7 MB.

Unloading 14 unused Assets to reduce memory usage. Loaded Objects now: 2323.
Total: 2.700100 ms (FindLiveObjects: 0.228400 ms CreateObjectMapping: 0.086500 ms MarkObjects: 2.271000 ms  DeleteObjects: 0.112200 ms)

========================================================================
Received Import Request.
  Time since last request: 31.848864 seconds.
  path: Assets/Animation/Enemy/CursorAnim.controller
  artifactKey: Guid(e8f22dc72b4d6c443b0edddf003ba156) Importer(815301076,1909f56bfc062723c751e8b465ee728b)
Start importing Assets/Animation/Enemy/CursorAnim.controller using Guid(e8f22dc72b4d6c443b0edddf003ba156) Importer(815301076,1909f56bfc062723c751e8b465ee728b)  -> (artifact id: '422829d453494a1912340453b5752b69') in 0.017745 seconds
  Import took 0.025509 seconds .

========================================================================
Received Import Request.
  Time since last request: 28.113883 seconds.
  path: Assets/Prefabs/Enemy/DefaultEnemy.prefab
  artifactKey: Guid(9aeea451feafdbc4db918cdb463ad59f) Importer(815301076,1909f56bfc062723c751e8b465ee728b)
Start importing Assets/Prefabs/Enemy/DefaultEnemy.prefab using Guid(9aeea451feafdbc4db918cdb463ad59f) Importer(815301076,1909f56bfc062723c751e8b465ee728b)  -> (artifact id: '9ef859f9bb4abe050266e4ee13971364') in 0.066225 seconds
  Import took 0.071147 seconds .

========================================================================
Received Import Request.
  Time since last request: 0.017341 seconds.
  path: Assets/Prefabs/Enemy/DefaultEnemy.prefab
  artifactKey: Guid(9aeea451feafdbc4db918cdb463ad59f) Importer(815301076,1909f56bfc062723c751e8b465ee728b)
Start importing Assets/Prefabs/Enemy/DefaultEnemy.prefab using Guid(9aeea451feafdbc4db918cdb463ad59f) Importer(815301076,1909f56bfc062723c751e8b465ee728b)  -> (artifact id: '9ef859f9bb4abe050266e4ee13971364') in 0.013005 seconds
  Import took 0.016783 seconds .

========================================================================
Received Import Request.
  Time since last request: 7.757007 seconds.
  path: Assets/Prefabs/Enemy/Cursor.prefab
  artifactKey: Guid(9225ad286e26ced4da737fbab162cc10) Importer(815301076,1909f56bfc062723c751e8b465ee728b)
Start importing Assets/Prefabs/Enemy/Cursor.prefab using Guid(9225ad286e26ced4da737fbab162cc10) Importer(815301076,1909f56bfc062723c751e8b465ee728b) The Animator Controller (Mobatlas_16) you have used is not valid. Animations will not play
UnityEngine.StackTraceUtility:ExtractStackTrace ()
UnityEditor.EditorUtility:Internal_InstantiateRemoveAllNonAnimationComponentsSingle (UnityEngine.Object,UnityEngine.Vector3,UnityEngine.Quaternion)
UnityEditor.EditorUtility:InstantiateRemoveAllNonAnimationComponents (UnityEngine.Object,UnityEngine.Vector3,UnityEngine.Quaternion)
UnityEditor.EditorUtility:InstantiateForAnimatorPreview (UnityEngine.Object)
UnityEditor.GameObjectInspector/PreviewData:UpdateGameObject (UnityEngine.Object)
UnityEditor.GameObjectInspector/PreviewData:.ctor (UnityEngine.Object)
UnityEditor.GameObjectInspector:GetPreviewData ()
UnityEditor.GameObjectInspector:RenderStaticPreview (string,UnityEngine.Object[],int,int)
UnityEditor.AssetPreviewUpdater:CreatePreviewForAsset (UnityEngine.Object,UnityEngine.Object[],string)

[C:\buildslave\unity\build\Modules/Animation/Director/AnimatorControllerPlayable.cpp line 333]

The Animator Controller (Mobatlas_16) you have used is not valid. Animations will not play
UnityEngine.StackTraceUtility:ExtractStackTrace ()
UnityEditor.EditorUtility:InitInstantiatedPreviewRecursive (UnityEngine.GameObject)
UnityEditor.EditorUtility:InstantiateForAnimatorPreview (UnityEngine.Object)
UnityEditor.GameObjectInspector/PreviewData:UpdateGameObject (UnityEngine.Object)
UnityEditor.GameObjectInspector/PreviewData:.ctor (UnityEngine.Object)
UnityEditor.GameObjectInspector:GetPreviewData ()
UnityEditor.GameObjectInspector:RenderStaticPreview (string,UnityEngine.Object[],int,int)
UnityEditor.AssetPreviewUpdater:CreatePreviewForAsset (UnityEngine.Object,UnityEngine.Object[],string)

[C:\buildslave\unity\build\Modules/Animation/Director/AnimatorControllerPlayable.cpp line 333]

 -> (artifact id: '6028f3af8a5bbd369d9f7f990be24cb8') in 0.022496 seconds
  Import took 0.026258 seconds .

========================================================================
Received Import Request.
  Time since last request: 95.833487 seconds.
  path: Assets/Prefabs/Enemy/DefaultEnemy.prefab
  artifactKey: Guid(9aeea451feafdbc4db918cdb463ad59f) Importer(815301076,1909f56bfc062723c751e8b465ee728b)
Start importing Assets/Prefabs/Enemy/DefaultEnemy.prefab using Guid(9aeea451feafdbc4db918cdb463ad59f) Importer(815301076,1909f56bfc062723c751e8b465ee728b) The Animator Controller (Mobatlas_16) you have used is not valid. Animations will not play
UnityEngine.StackTraceUtility:ExtractStackTrace ()
UnityEditor.EditorUtility:Internal_InstantiateRemoveAllNonAnimationComponentsSingle (UnityEngine.Object,UnityEngine.Vector3,UnityEngine.Quaternion)
UnityEditor.EditorUtility:InstantiateRemoveAllNonAnimationComponents (UnityEngine.Object,UnityEngine.Vector3,UnityEngine.Quaternion)
UnityEditor.EditorUtility:InstantiateForAnimatorPreview (UnityEngine.Object)
UnityEditor.GameObjectInspector/PreviewData:UpdateGameObject (UnityEngine.Object)
UnityEditor.GameObjectInspector/PreviewData:.ctor (UnityEngine.Object)
UnityEditor.GameObjectInspector:GetPreviewData ()
UnityEditor.GameObjectInspector:RenderStaticPreview (string,UnityEngine.Object[],int,int)
UnityEditor.AssetPreviewUpdater:CreatePreviewForAsset (UnityEngine.Object,UnityEngine.Object[],string)

[C:\buildslave\unity\build\Modules/Animation/Director/AnimatorControllerPlayable.cpp line 333]

The Animator Controller (Mobatlas_16) you have used is not valid. Animations will not play
UnityEngine.StackTraceUtility:ExtractStackTrace ()
UnityEditor.EditorUtility:InitInstantiatedPreviewRecursive (UnityEngine.GameObject)
UnityEditor.EditorUtility:InstantiateForAnimatorPreview (UnityEngine.Object)
UnityEditor.GameObjectInspector/PreviewData:UpdateGameObject (UnityEngine.Object)
UnityEditor.GameObjectInspector/PreviewData:.ctor (UnityEngine.Object)
UnityEditor.GameObjectInspector:GetPreviewData ()
UnityEditor.GameObjectInspector:RenderStaticPreview (string,UnityEngine.Object[],int,int)
UnityEditor.AssetPreviewUpdater:CreatePreviewForAsset (UnityEngine.Object,UnityEngine.Object[],string)

[C:\buildslave\unity\build\Modules/Animation/Director/AnimatorControllerPlayable.cpp line 333]

 -> (artifact id: '29e218daa9d41c51941d257db0791889') in 0.041268 seconds
  Import took 0.045367 seconds .

========================================================================
Received Prepare
Registering precompiled user dll's ...
Registered in 0.002142 seconds.
Begin MonoManager ReloadAssembly
Native extension for WindowsStandalone target not found
Refreshing native plugins compatible for Editor in 0.39 ms, found 1 plugins.
Preloading 0 native plugins for Editor in 0.00 ms.
Mono: successfully reloaded assembly
- Completed reload, in  1.043 seconds
Platform modules already initialized, skipping
Refreshing native plugins compatible for Editor in 0.39 ms, found 1 plugins.
Preloading 0 native plugins for Editor in 0.00 ms.
Unloading 1855 Unused Serialized files (Serialized files now loaded: 0)
System memory in use before: 89.9 MB.
System memory in use after: 89.9 MB.

Unloading 14 unused Assets to reduce memory usage. Loaded Objects now: 2331.
Total: 2.258600 ms (FindLiveObjects: 0.190700 ms CreateObjectMapping: 0.071600 ms MarkObjects: 1.882600 ms  DeleteObjects: 0.112400 ms)

