Using pre-set license
Built from '2020.3/staging' branch; Version is '2020.3.5f1 (8095aa901b9b) revision 8426922'; Using compiler version '192528614'; Build Type 'Release'
OS: 'Windows 10 Home; OS build 19042.985; Version 2009; 64bit' Language: 'en' Physical Memory: 8076 MB
BatchMode: 1, IsHumanControllingUs: 0, StartBugReporterOnCrash: 0, Is64bit: 1, IsPro: 0

 COMMAND LINE ARGUMENTS:
C:\Program Files\Unity\Hub\Editor\2020.3.5f1\Editor\Unity.exe
-adb2
-batchMode
-noUpm
-name
AssetImportWorker0
-projectPath
C:/Users/mipro/Desktop/GMTK-2021
-logFile
Logs/AssetImportWorker0.log
-srvPort
13931
Successfully changed project path to: C:/Users/mipro/Desktop/GMTK-2021
C:/Users/mipro/Desktop/GMTK-2021
Using Asset Import Pipeline V2.
Refreshing native plugins compatible for Editor in 41.13 ms, found 1 plugins.
Preloading 0 native plugins for Editor in 0.00 ms.
Initialize engine version: 2020.3.5f1 (8095aa901b9b)
[Subsystems] Discovering subsystems at path C:/Program Files/Unity/Hub/Editor/2020.3.5f1/Editor/Data/Resources/UnitySubsystems
[Subsystems] Discovering subsystems at path C:/Users/mipro/Desktop/GMTK-2021/Assets
GfxDevice: creating device client; threaded=0
Direct3D:
    Version:  Direct3D 11.0 [level 11.1]
    Renderer: NVIDIA GeForce MX150 (ID=0x1d12)
    Vendor:   
    VRAM:     1983 MB
    Driver:   27.21.14.6133
Initialize mono
Mono path[0] = 'C:/Program Files/Unity/Hub/Editor/2020.3.5f1/Editor/Data/Managed'
Mono path[1] = 'C:/Program Files/Unity/Hub/Editor/2020.3.5f1/Editor/Data/MonoBleedingEdge/lib/mono/unityjit'
Mono config path = 'C:/Program Files/Unity/Hub/Editor/2020.3.5f1/Editor/Data/MonoBleedingEdge/etc'
Using monoOptions --debugger-agent=transport=dt_socket,embedding=1,server=y,suspend=n,address=127.0.0.1:56616
Begin MonoManager ReloadAssembly
Registering precompiled unity dll's ...
Register platform support module: C:/Program Files/Unity/Hub/Editor/2020.3.5f1/Editor/Data/PlaybackEngines/WindowsStandaloneSupport/UnityEditor.WindowsStandalone.Extensions.dll
Registered in 0.002273 seconds.
Native extension for WindowsStandalone target not found
Refreshing native plugins compatible for Editor in 41.68 ms, found 1 plugins.
Preloading 0 native plugins for Editor in 0.00 ms.
Mono: successfully reloaded assembly
- Completed reload, in  2.077 seconds
Platform modules already initialized, skipping
Registering precompiled user dll's ...
Registered in 0.002164 seconds.
Begin MonoManager ReloadAssembly
Native extension for WindowsStandalone target not found
Refreshing native plugins compatible for Editor in 39.79 ms, found 1 plugins.
Preloading 0 native plugins for Editor in 0.00 ms.
Mono: successfully reloaded assembly
- Completed reload, in  1.012 seconds
Platform modules already initialized, skipping
========================================================================
Worker process is ready to serve import requests
Launched and connected shader compiler UnityShaderCompiler.exe after 0.05 seconds
Refreshing native plugins compatible for Editor in 0.41 ms, found 1 plugins.
Preloading 0 native plugins for Editor in 0.00 ms.
Unloading 1853 Unused Serialized files (Serialized files now loaded: 0)
System memory in use before: 86.4 MB.
System memory in use after: 86.4 MB.

Unloading 26 unused Assets to reduce memory usage. Loaded Objects now: 2301.
Total: 4.097200 ms (FindLiveObjects: 0.292300 ms CreateObjectMapping: 0.144900 ms MarkObjects: 3.469100 ms  DeleteObjects: 0.189000 ms)

========================================================================
Received Import Request.
  path: Assets/Prefabs/Enemy/DefaultEnemy.prefab
  artifactKey: Guid(9aeea451feafdbc4db918cdb463ad59f) Importer(815301076,1909f56bfc062723c751e8b465ee728b)
Start importing Assets/Prefabs/Enemy/DefaultEnemy.prefab using Guid(9aeea451feafdbc4db918cdb463ad59f) Importer(815301076,1909f56bfc062723c751e8b465ee728b)  -> (artifact id: 'a321e7b7e4da78e253ed1161ab82e716') in 0.135274 seconds
  Import took 0.139971 seconds .

========================================================================
Received Import Request.
  Time since last request: 1.452793 seconds.
  path: Assets/Scripts/Enemy/EnemyState/EnemyFollowState.cs
  artifactKey: Guid(7abf164ff64f47308712785b49b856e6) Importer(815301076,1909f56bfc062723c751e8b465ee728b)
Start importing Assets/Scripts/Enemy/EnemyState/EnemyFollowState.cs using Guid(7abf164ff64f47308712785b49b856e6) Importer(815301076,1909f56bfc062723c751e8b465ee728b)  -> (artifact id: '1fd9018381cc72fdeb073ad2474b56e7') in 0.028591 seconds
  Import took 0.031777 seconds .

========================================================================
Received Prepare
Refreshing native plugins compatible for Editor in 4.60 ms, found 1 plugins.
Preloading 0 native plugins for Editor in 0.00 ms.
Unloading 12 Unused Serialized files (Serialized files now loaded: 0)
System memory in use before: 53.2 MB.
System memory in use after: 53.2 MB.

Unloading 12 unused Assets to reduce memory usage. Loaded Objects now: 2308.
Total: 3.262900 ms (FindLiveObjects: 0.258400 ms CreateObjectMapping: 0.086200 ms MarkObjects: 2.800000 ms  DeleteObjects: 0.116600 ms)

========================================================================
Received Import Request.
  Time since last request: 130.738464 seconds.
  path: Assets/Prefabs/Enemy/Ghost.prefab
  artifactKey: Guid(de9088243cd0d2a42b2a9a5dd2e8aa17) Importer(815301076,1909f56bfc062723c751e8b465ee728b)
Start importing Assets/Prefabs/Enemy/Ghost.prefab using Guid(de9088243cd0d2a42b2a9a5dd2e8aa17) Importer(815301076,1909f56bfc062723c751e8b465ee728b)  -> (artifact id: '2363afc6856c26e6017d575ed920f84d') in 0.047540 seconds
  Import took 0.053423 seconds .

========================================================================
Received Import Request.
  Time since last request: 0.008459 seconds.
  path: Assets/Prefabs/Enemy/Ghost.prefab
  artifactKey: Guid(de9088243cd0d2a42b2a9a5dd2e8aa17) Importer(815301076,1909f56bfc062723c751e8b465ee728b)
Start importing Assets/Prefabs/Enemy/Ghost.prefab using Guid(de9088243cd0d2a42b2a9a5dd2e8aa17) Importer(815301076,1909f56bfc062723c751e8b465ee728b)  -> (artifact id: '2363afc6856c26e6017d575ed920f84d') in 0.018250 seconds
  Import took 0.024186 seconds .

========================================================================
Received Import Request.
  Time since last request: 3.793623 seconds.
  path: Assets/Prefabs/Enemy/Skull.prefab
  artifactKey: Guid(db5f5d524f8eff64286867d89e636803) Importer(815301076,1909f56bfc062723c751e8b465ee728b)
Start importing Assets/Prefabs/Enemy/Skull.prefab using Guid(db5f5d524f8eff64286867d89e636803) Importer(815301076,1909f56bfc062723c751e8b465ee728b)  -> (artifact id: '330304de7c86e41b4a17ef87a7c09dbf') in 0.019938 seconds
  Import took 0.024306 seconds .

========================================================================
Received Import Request.
  Time since last request: 119.379463 seconds.
  path: Assets/Prefabs/Enemy/Skull.prefab
  artifactKey: Guid(db5f5d524f8eff64286867d89e636803) Importer(815301076,1909f56bfc062723c751e8b465ee728b)
Start importing Assets/Prefabs/Enemy/Skull.prefab using Guid(db5f5d524f8eff64286867d89e636803) Importer(815301076,1909f56bfc062723c751e8b465ee728b)  -> (artifact id: '882cafeba50d915b74c2053b6f821e11') in 0.048367 seconds
  Import took 0.061785 seconds .

========================================================================
Received Import Request.
  Time since last request: 1.838695 seconds.
  path: Assets/Prefabs/Enemy/DefaultEnemy.prefab
  artifactKey: Guid(9aeea451feafdbc4db918cdb463ad59f) Importer(815301076,1909f56bfc062723c751e8b465ee728b)
Start importing Assets/Prefabs/Enemy/DefaultEnemy.prefab using Guid(9aeea451feafdbc4db918cdb463ad59f) Importer(815301076,1909f56bfc062723c751e8b465ee728b)  -> (artifact id: '80303a464918a32972a4965832fe4d20') in 0.021854 seconds
  Import took 0.028088 seconds .

========================================================================
Received Prepare
Registering precompiled user dll's ...
Registered in 0.002933 seconds.
Begin MonoManager ReloadAssembly
Native extension for WindowsStandalone target not found
Refreshing native plugins compatible for Editor in 0.42 ms, found 1 plugins.
Preloading 0 native plugins for Editor in 0.00 ms.
Mono: successfully reloaded assembly
- Completed reload, in  1.086 seconds
Platform modules already initialized, skipping
Refreshing native plugins compatible for Editor in 0.42 ms, found 1 plugins.
Preloading 0 native plugins for Editor in 0.00 ms.
Unloading 1848 Unused Serialized files (Serialized files now loaded: 0)
System memory in use before: 89.5 MB.
System memory in use after: 89.5 MB.

Unloading 14 unused Assets to reduce memory usage. Loaded Objects now: 2312.
Total: 3.896400 ms (FindLiveObjects: 0.308500 ms CreateObjectMapping: 0.120800 ms MarkObjects: 3.271900 ms  DeleteObjects: 0.193400 ms)

========================================================================
Received Prepare
Registering precompiled user dll's ...
Registered in 0.002102 seconds.
Begin MonoManager ReloadAssembly
Native extension for WindowsStandalone target not found
Refreshing native plugins compatible for Editor in 0.37 ms, found 1 plugins.
Preloading 0 native plugins for Editor in 0.00 ms.
Mono: successfully reloaded assembly
- Completed reload, in  1.016 seconds
Platform modules already initialized, skipping
Refreshing native plugins compatible for Editor in 0.43 ms, found 1 plugins.
Preloading 0 native plugins for Editor in 0.00 ms.
Unloading 1848 Unused Serialized files (Serialized files now loaded: 0)
System memory in use before: 89.6 MB.
System memory in use after: 89.5 MB.

Unloading 14 unused Assets to reduce memory usage. Loaded Objects now: 2316.
Total: 4.344500 ms (FindLiveObjects: 0.374200 ms CreateObjectMapping: 0.166500 ms MarkObjects: 3.631100 ms  DeleteObjects: 0.170200 ms)

========================================================================
Received Prepare
Registering precompiled user dll's ...
Registered in 0.002103 seconds.
Begin MonoManager ReloadAssembly
Native extension for WindowsStandalone target not found
Refreshing native plugins compatible for Editor in 0.39 ms, found 1 plugins.
Preloading 0 native plugins for Editor in 0.00 ms.
Mono: successfully reloaded assembly
- Completed reload, in  0.978 seconds
Platform modules already initialized, skipping
Refreshing native plugins compatible for Editor in 0.43 ms, found 1 plugins.
Preloading 0 native plugins for Editor in 0.00 ms.
Unloading 1848 Unused Serialized files (Serialized files now loaded: 0)
System memory in use before: 89.6 MB.
System memory in use after: 89.5 MB.

Unloading 14 unused Assets to reduce memory usage. Loaded Objects now: 2320.
Total: 2.297300 ms (FindLiveObjects: 0.203900 ms CreateObjectMapping: 0.076300 ms MarkObjects: 1.867300 ms  DeleteObjects: 0.148400 ms)

========================================================================
Received Prepare
Registering precompiled user dll's ...
Registered in 0.003211 seconds.
Begin MonoManager ReloadAssembly
Native extension for WindowsStandalone target not found
Refreshing native plugins compatible for Editor in 0.43 ms, found 1 plugins.
Preloading 0 native plugins for Editor in 0.00 ms.
Mono: successfully reloaded assembly
- Completed reload, in  1.022 seconds
Platform modules already initialized, skipping
Refreshing native plugins compatible for Editor in 0.46 ms, found 1 plugins.
Preloading 0 native plugins for Editor in 0.00 ms.
Unloading 1848 Unused Serialized files (Serialized files now loaded: 0)
System memory in use before: 89.6 MB.
System memory in use after: 89.6 MB.

Unloading 14 unused Assets to reduce memory usage. Loaded Objects now: 2324.
Total: 4.013800 ms (FindLiveObjects: 0.343300 ms CreateObjectMapping: 0.166900 ms MarkObjects: 3.290700 ms  DeleteObjects: 0.210600 ms)

========================================================================
Received Prepare
Registering precompiled user dll's ...
Registered in 0.002957 seconds.
Begin MonoManager ReloadAssembly
Native extension for WindowsStandalone target not found
Refreshing native plugins compatible for Editor in 0.39 ms, found 1 plugins.
Preloading 0 native plugins for Editor in 0.00 ms.
Mono: successfully reloaded assembly
- Completed reload, in  0.980 seconds
Platform modules already initialized, skipping
Refreshing native plugins compatible for Editor in 0.43 ms, found 1 plugins.
Preloading 0 native plugins for Editor in 0.00 ms.
Unloading 1848 Unused Serialized files (Serialized files now loaded: 0)
System memory in use before: 89.6 MB.
System memory in use after: 89.6 MB.

Unloading 14 unused Assets to reduce memory usage. Loaded Objects now: 2328.
Total: 4.552600 ms (FindLiveObjects: 0.331800 ms CreateObjectMapping: 0.137800 ms MarkObjects: 3.887000 ms  DeleteObjects: 0.194000 ms)

========================================================================
Received Import Request.
  Time since last request: 713.425898 seconds.
  path: Assets/Prefabs/Enemy/DefaultEnemy.prefab
  artifactKey: Guid(9aeea451feafdbc4db918cdb463ad59f) Importer(815301076,1909f56bfc062723c751e8b465ee728b)
Start importing Assets/Prefabs/Enemy/DefaultEnemy.prefab using Guid(9aeea451feafdbc4db918cdb463ad59f) Importer(815301076,1909f56bfc062723c751e8b465ee728b)  -> (artifact id: 'b0f6fd9b8aa4368460d3abcdee644b55') in 0.061258 seconds
  Import took 0.065860 seconds .

========================================================================
Received Prepare
Registering precompiled user dll's ...
Registered in 0.002253 seconds.
Begin MonoManager ReloadAssembly
Native extension for WindowsStandalone target not found
Refreshing native plugins compatible for Editor in 0.44 ms, found 1 plugins.
Preloading 0 native plugins for Editor in 0.00 ms.
Mono: successfully reloaded assembly
- Completed reload, in  0.966 seconds
Platform modules already initialized, skipping
Refreshing native plugins compatible for Editor in 0.45 ms, found 1 plugins.
Preloading 0 native plugins for Editor in 0.00 ms.
Unloading 1848 Unused Serialized files (Serialized files now loaded: 0)
System memory in use before: 89.6 MB.
System memory in use after: 89.6 MB.

Unloading 14 unused Assets to reduce memory usage. Loaded Objects now: 2333.
Total: 2.614800 ms (FindLiveObjects: 0.390200 ms CreateObjectMapping: 0.067900 ms MarkObjects: 2.041500 ms  DeleteObjects: 0.113000 ms)

========================================================================
Received Import Request.
  Time since last request: 180.505580 seconds.
  path: Assets/Prefabs/Enemy/DefaultEnemy.prefab
  artifactKey: Guid(9aeea451feafdbc4db918cdb463ad59f) Importer(815301076,1909f56bfc062723c751e8b465ee728b)
Start importing Assets/Prefabs/Enemy/DefaultEnemy.prefab using Guid(9aeea451feafdbc4db918cdb463ad59f) Importer(815301076,1909f56bfc062723c751e8b465ee728b)  -> (artifact id: 'c47c1d9909f3d4f903758174beb8c02d') in 0.062714 seconds
  Import took 0.073709 seconds .

========================================================================
Received Import Request.
  Time since last request: 34.801703 seconds.
  path: ProjectSettings/TagManager.asset
  artifactKey: Guid(00000000000000003000000000000000) Importer(815301076,1909f56bfc062723c751e8b465ee728b)
Start importing ProjectSettings/TagManager.asset using Guid(00000000000000003000000000000000) Importer(815301076,1909f56bfc062723c751e8b465ee728b)  -> (artifact id: 'cce23564c5898e6317d6e0dc781028f7') in 0.011374 seconds
  Import took 0.016800 seconds .

========================================================================
Received Prepare
Registering precompiled user dll's ...
Registered in 0.002348 seconds.
Begin MonoManager ReloadAssembly
Native extension for WindowsStandalone target not found
Refreshing native plugins compatible for Editor in 0.40 ms, found 1 plugins.
Preloading 0 native plugins for Editor in 0.00 ms.
Mono: successfully reloaded assembly
- Completed reload, in  0.944 seconds
Platform modules already initialized, skipping
Refreshing native plugins compatible for Editor in 0.44 ms, found 1 plugins.
Preloading 0 native plugins for Editor in 0.00 ms.
Unloading 1848 Unused Serialized files (Serialized files now loaded: 0)
System memory in use before: 89.6 MB.
System memory in use after: 89.6 MB.

Unloading 15 unused Assets to reduce memory usage. Loaded Objects now: 2338.
Total: 4.352200 ms (FindLiveObjects: 0.335800 ms CreateObjectMapping: 0.162500 ms MarkObjects: 3.655600 ms  DeleteObjects: 0.196400 ms)

========================================================================
Received Prepare
Registering precompiled user dll's ...
Registered in 0.002153 seconds.
Begin MonoManager ReloadAssembly
Native extension for WindowsStandalone target not found
Refreshing native plugins compatible for Editor in 0.40 ms, found 1 plugins.
Preloading 0 native plugins for Editor in 0.00 ms.
Mono: successfully reloaded assembly
- Completed reload, in  0.984 seconds
Platform modules already initialized, skipping
Refreshing native plugins compatible for Editor in 0.47 ms, found 1 plugins.
Preloading 0 native plugins for Editor in 0.00 ms.
Unloading 1848 Unused Serialized files (Serialized files now loaded: 0)
System memory in use before: 89.7 MB.
System memory in use after: 89.6 MB.

Unloading 14 unused Assets to reduce memory usage. Loaded Objects now: 2342.
Total: 2.762300 ms (FindLiveObjects: 0.352400 ms CreateObjectMapping: 0.077800 ms MarkObjects: 2.210400 ms  DeleteObjects: 0.120500 ms)

========================================================================
Received Import Request.
  Time since last request: 139.016944 seconds.
  path: Assets/Prefabs/Enemy/DefaultEnemy.prefab
  artifactKey: Guid(9aeea451feafdbc4db918cdb463ad59f) Importer(815301076,1909f56bfc062723c751e8b465ee728b)
Start importing Assets/Prefabs/Enemy/DefaultEnemy.prefab using Guid(9aeea451feafdbc4db918cdb463ad59f) Importer(815301076,1909f56bfc062723c751e8b465ee728b)  -> (artifact id: 'bbc05b92394ac3f800807846f337c5c0') in 0.061725 seconds
  Import took 0.065881 seconds .

========================================================================
Received Import Request.
  Time since last request: 8.203582 seconds.
  path: Assets/Prefabs/Enemy/Ghost.prefab
  artifactKey: Guid(de9088243cd0d2a42b2a9a5dd2e8aa17) Importer(815301076,1909f56bfc062723c751e8b465ee728b)
Start importing Assets/Prefabs/Enemy/Ghost.prefab using Guid(de9088243cd0d2a42b2a9a5dd2e8aa17) Importer(815301076,1909f56bfc062723c751e8b465ee728b)  -> (artifact id: '526517bb5b5053b4f89c2e6181483f3e') in 0.027597 seconds
  Import took 0.031815 seconds .

========================================================================
Received Prepare
Registering precompiled user dll's ...
Registered in 0.002105 seconds.
Begin MonoManager ReloadAssembly
Native extension for WindowsStandalone target not found
Refreshing native plugins compatible for Editor in 0.50 ms, found 1 plugins.
Preloading 0 native plugins for Editor in 0.00 ms.
Mono: successfully reloaded assembly
- Completed reload, in  1.056 seconds
Platform modules already initialized, skipping
Refreshing native plugins compatible for Editor in 0.55 ms, found 1 plugins.
Preloading 0 native plugins for Editor in 0.00 ms.
Unloading 1848 Unused Serialized files (Serialized files now loaded: 0)
System memory in use before: 89.7 MB.
System memory in use after: 89.6 MB.

Unloading 14 unused Assets to reduce memory usage. Loaded Objects now: 2347.
Total: 3.992600 ms (FindLiveObjects: 0.407400 ms CreateObjectMapping: 0.165800 ms MarkObjects: 3.285700 ms  DeleteObjects: 0.131500 ms)

========================================================================
Received Prepare
Registering precompiled user dll's ...
Registered in 0.002060 seconds.
Begin MonoManager ReloadAssembly
Native extension for WindowsStandalone target not found
Refreshing native plugins compatible for Editor in 0.38 ms, found 1 plugins.
Preloading 0 native plugins for Editor in 0.00 ms.
Mono: successfully reloaded assembly
- Completed reload, in  0.940 seconds
Platform modules already initialized, skipping
Refreshing native plugins compatible for Editor in 0.44 ms, found 1 plugins.
Preloading 0 native plugins for Editor in 0.00 ms.
Unloading 1848 Unused Serialized files (Serialized files now loaded: 0)
System memory in use before: 89.7 MB.
System memory in use after: 89.6 MB.

Unloading 14 unused Assets to reduce memory usage. Loaded Objects now: 2351.
Total: 2.293500 ms (FindLiveObjects: 0.189500 ms CreateObjectMapping: 0.078400 ms MarkObjects: 1.916300 ms  DeleteObjects: 0.108300 ms)

========================================================================
Received Prepare
Registering precompiled user dll's ...
Registered in 0.002100 seconds.
Begin MonoManager ReloadAssembly
Native extension for WindowsStandalone target not found
Refreshing native plugins compatible for Editor in 0.38 ms, found 1 plugins.
Preloading 0 native plugins for Editor in 0.00 ms.
Mono: successfully reloaded assembly
- Completed reload, in  0.969 seconds
Platform modules already initialized, skipping
Refreshing native plugins compatible for Editor in 0.48 ms, found 1 plugins.
Preloading 0 native plugins for Editor in 0.00 ms.
Unloading 1848 Unused Serialized files (Serialized files now loaded: 0)
System memory in use before: 89.7 MB.
System memory in use after: 89.7 MB.

Unloading 14 unused Assets to reduce memory usage. Loaded Objects now: 2355.
Total: 4.024100 ms (FindLiveObjects: 0.375300 ms CreateObjectMapping: 0.182700 ms MarkObjects: 3.285300 ms  DeleteObjects: 0.178700 ms)

========================================================================
Received Prepare
Registering precompiled user dll's ...
Registered in 0.002201 seconds.
Begin MonoManager ReloadAssembly
Native extension for WindowsStandalone target not found
Refreshing native plugins compatible for Editor in 0.37 ms, found 1 plugins.
Preloading 0 native plugins for Editor in 0.00 ms.
Mono: successfully reloaded assembly
- Completed reload, in  0.981 seconds
Platform modules already initialized, skipping
Refreshing native plugins compatible for Editor in 0.52 ms, found 1 plugins.
Preloading 0 native plugins for Editor in 0.00 ms.
Unloading 1848 Unused Serialized files (Serialized files now loaded: 0)
System memory in use before: 89.7 MB.
System memory in use after: 89.7 MB.

Unloading 14 unused Assets to reduce memory usage. Loaded Objects now: 2359.
Total: 2.580400 ms (FindLiveObjects: 0.431600 ms CreateObjectMapping: 0.120100 ms MarkObjects: 1.911200 ms  DeleteObjects: 0.113900 ms)

========================================================================
Received Import Request.
  Time since last request: 742.091257 seconds.
  path: Assets/Prefabs/Enemy/DefaultEnemy.prefab
  artifactKey: Guid(9aeea451feafdbc4db918cdb463ad59f) Importer(815301076,1909f56bfc062723c751e8b465ee728b)
Start importing Assets/Prefabs/Enemy/DefaultEnemy.prefab using Guid(9aeea451feafdbc4db918cdb463ad59f) Importer(815301076,1909f56bfc062723c751e8b465ee728b)  -> (artifact id: '43b18a72a39fe3de475d785be3ac41dc') in 0.068949 seconds
  Import took 0.075616 seconds .

========================================================================
Received Prepare
Registering precompiled user dll's ...
Registered in 0.003429 seconds.
Begin MonoManager ReloadAssembly
Native extension for WindowsStandalone target not found
Refreshing native plugins compatible for Editor in 0.38 ms, found 1 plugins.
Preloading 0 native plugins for Editor in 0.00 ms.
Mono: successfully reloaded assembly
- Completed reload, in  0.916 seconds
Platform modules already initialized, skipping
Refreshing native plugins compatible for Editor in 0.45 ms, found 1 plugins.
Preloading 0 native plugins for Editor in 0.00 ms.
Unloading 1848 Unused Serialized files (Serialized files now loaded: 0)
System memory in use before: 89.7 MB.
System memory in use after: 89.7 MB.

Unloading 14 unused Assets to reduce memory usage. Loaded Objects now: 2364.
Total: 2.486200 ms (FindLiveObjects: 0.199900 ms CreateObjectMapping: 0.073300 ms MarkObjects: 2.100200 ms  DeleteObjects: 0.111600 ms)

========================================================================
Received Prepare
Registering precompiled user dll's ...
Registered in 0.002137 seconds.
Begin MonoManager ReloadAssembly
Native extension for WindowsStandalone target not found
Refreshing native plugins compatible for Editor in 0.43 ms, found 1 plugins.
Preloading 0 native plugins for Editor in 0.00 ms.
Mono: successfully reloaded assembly
- Completed reload, in  1.232 seconds
Platform modules already initialized, skipping
Refreshing native plugins compatible for Editor in 0.48 ms, found 1 plugins.
Preloading 0 native plugins for Editor in 0.00 ms.
Unloading 1848 Unused Serialized files (Serialized files now loaded: 0)
System memory in use before: 89.7 MB.
System memory in use after: 89.7 MB.

Unloading 14 unused Assets to reduce memory usage. Loaded Objects now: 2368.
Total: 2.985800 ms (FindLiveObjects: 0.438200 ms CreateObjectMapping: 0.115800 ms MarkObjects: 2.306200 ms  DeleteObjects: 0.124500 ms)

========================================================================
Received Import Request.
  Time since last request: 156.633256 seconds.
  path: Assets/Prefabs/Enemy/DefaultEnemy.prefab
  artifactKey: Guid(9aeea451feafdbc4db918cdb463ad59f) Importer(815301076,1909f56bfc062723c751e8b465ee728b)
Start importing Assets/Prefabs/Enemy/DefaultEnemy.prefab using Guid(9aeea451feafdbc4db918cdb463ad59f) Importer(815301076,1909f56bfc062723c751e8b465ee728b)  -> (artifact id: '2e1a49a5d04263050953b00ed712be29') in 0.059114 seconds
  Import took 0.070442 seconds .

========================================================================
Received Import Request.
  Time since last request: 1.937094 seconds.
  path: Assets/Prefabs/Enemy/Ghost.prefab
  artifactKey: Guid(de9088243cd0d2a42b2a9a5dd2e8aa17) Importer(815301076,1909f56bfc062723c751e8b465ee728b)
Start importing Assets/Prefabs/Enemy/Ghost.prefab using Guid(de9088243cd0d2a42b2a9a5dd2e8aa17) Importer(815301076,1909f56bfc062723c751e8b465ee728b)  -> (artifact id: '47f0ab0a96d5727b9be7ba755dbd6776') in 0.014628 seconds
  Import took 0.026336 seconds .

========================================================================
Received Import Request.
  Time since last request: 0.916662 seconds.
  path: Assets/Prefabs/Enemy/Skull.prefab
  artifactKey: Guid(db5f5d524f8eff64286867d89e636803) Importer(815301076,1909f56bfc062723c751e8b465ee728b)
Start importing Assets/Prefabs/Enemy/Skull.prefab using Guid(db5f5d524f8eff64286867d89e636803) Importer(815301076,1909f56bfc062723c751e8b465ee728b)  -> (artifact id: 'e20cefb19c8b08703a0c3afbbdb3309c') in 0.014121 seconds
  Import took 0.017651 seconds .

========================================================================
Received Prepare
Registering precompiled user dll's ...
Registered in 0.002201 seconds.
Begin MonoManager ReloadAssembly
Native extension for WindowsStandalone target not found
Refreshing native plugins compatible for Editor in 0.70 ms, found 1 plugins.
Preloading 0 native plugins for Editor in 0.00 ms.
Mono: successfully reloaded assembly
- Completed reload, in  1.026 seconds
Platform modules already initialized, skipping
Refreshing native plugins compatible for Editor in 0.48 ms, found 1 plugins.
Preloading 0 native plugins for Editor in 0.00 ms.
Unloading 1848 Unused Serialized files (Serialized files now loaded: 0)
System memory in use before: 89.7 MB.
System memory in use after: 89.7 MB.

Unloading 14 unused Assets to reduce memory usage. Loaded Objects now: 2373.
Total: 3.568100 ms (FindLiveObjects: 0.202400 ms CreateObjectMapping: 0.098100 ms MarkObjects: 3.101200 ms  DeleteObjects: 0.165100 ms)

========================================================================
Received Prepare
Registering precompiled user dll's ...
Registered in 0.002126 seconds.
Begin MonoManager ReloadAssembly
Native extension for WindowsStandalone target not found
Refreshing native plugins compatible for Editor in 0.39 ms, found 1 plugins.
Preloading 0 native plugins for Editor in 0.00 ms.
Mono: successfully reloaded assembly
- Completed reload, in  0.948 seconds
Platform modules already initialized, skipping
Refreshing native plugins compatible for Editor in 0.57 ms, found 1 plugins.
Preloading 0 native plugins for Editor in 0.00 ms.
Unloading 1848 Unused Serialized files (Serialized files now loaded: 0)
System memory in use before: 89.7 MB.
System memory in use after: 89.7 MB.

Unloading 14 unused Assets to reduce memory usage. Loaded Objects now: 2377.
Total: 3.439300 ms (FindLiveObjects: 0.914200 ms CreateObjectMapping: 0.307600 ms MarkObjects: 2.070200 ms  DeleteObjects: 0.144000 ms)

========================================================================
Received Prepare
Registering precompiled user dll's ...
Registered in 0.002416 seconds.
Begin MonoManager ReloadAssembly
Native extension for WindowsStandalone target not found
Refreshing native plugins compatible for Editor in 0.57 ms, found 1 plugins.
Preloading 0 native plugins for Editor in 0.00 ms.
Mono: successfully reloaded assembly
- Completed reload, in  1.064 seconds
Platform modules already initialized, skipping
Refreshing native plugins compatible for Editor in 0.44 ms, found 1 plugins.
Preloading 0 native plugins for Editor in 0.00 ms.
Unloading 1848 Unused Serialized files (Serialized files now loaded: 0)
System memory in use before: 89.7 MB.
System memory in use after: 89.7 MB.

Unloading 14 unused Assets to reduce memory usage. Loaded Objects now: 2381.
Total: 3.125200 ms (FindLiveObjects: 0.406200 ms CreateObjectMapping: 0.125000 ms MarkObjects: 2.375000 ms  DeleteObjects: 0.216200 ms)

========================================================================
Received Prepare
Registering precompiled user dll's ...
Registered in 0.006023 seconds.
Begin MonoManager ReloadAssembly
Native extension for WindowsStandalone target not found
Refreshing native plugins compatible for Editor in 0.40 ms, found 1 plugins.
Preloading 0 native plugins for Editor in 0.00 ms.
Mono: successfully reloaded assembly
- Completed reload, in  0.971 seconds
Platform modules already initialized, skipping
Refreshing native plugins compatible for Editor in 0.44 ms, found 1 plugins.
Preloading 0 native plugins for Editor in 0.00 ms.
Unloading 1848 Unused Serialized files (Serialized files now loaded: 0)
System memory in use before: 89.7 MB.
System memory in use after: 89.7 MB.

Unloading 14 unused Assets to reduce memory usage. Loaded Objects now: 2385.
Total: 4.404700 ms (FindLiveObjects: 0.475300 ms CreateObjectMapping: 0.165300 ms MarkObjects: 3.570400 ms  DeleteObjects: 0.191900 ms)

========================================================================
Received Prepare
Registering precompiled user dll's ...
Registered in 0.002068 seconds.
Begin MonoManager ReloadAssembly
Native extension for WindowsStandalone target not found
Refreshing native plugins compatible for Editor in 0.39 ms, found 1 plugins.
Preloading 0 native plugins for Editor in 0.00 ms.
Mono: successfully reloaded assembly
- Completed reload, in  0.969 seconds
Platform modules already initialized, skipping
Refreshing native plugins compatible for Editor in 0.55 ms, found 1 plugins.
Preloading 0 native plugins for Editor in 0.00 ms.
Unloading 1848 Unused Serialized files (Serialized files now loaded: 0)
System memory in use before: 89.8 MB.
System memory in use after: 89.7 MB.

Unloading 14 unused Assets to reduce memory usage. Loaded Objects now: 2389.
Total: 3.283100 ms (FindLiveObjects: 0.240500 ms CreateObjectMapping: 0.099900 ms MarkObjects: 2.805000 ms  DeleteObjects: 0.136400 ms)

========================================================================
Received Prepare
Registering precompiled user dll's ...
Registered in 0.002093 seconds.
Begin MonoManager ReloadAssembly
Native extension for WindowsStandalone target not found
Refreshing native plugins compatible for Editor in 0.38 ms, found 1 plugins.
Preloading 0 native plugins for Editor in 0.00 ms.
Mono: successfully reloaded assembly
- Completed reload, in  0.937 seconds
Platform modules already initialized, skipping
Refreshing native plugins compatible for Editor in 0.40 ms, found 1 plugins.
Preloading 0 native plugins for Editor in 0.00 ms.
Unloading 1848 Unused Serialized files (Serialized files now loaded: 0)
System memory in use before: 89.8 MB.
System memory in use after: 89.7 MB.

Unloading 14 unused Assets to reduce memory usage. Loaded Objects now: 2393.
Total: 2.620000 ms (FindLiveObjects: 0.274100 ms CreateObjectMapping: 0.099900 ms MarkObjects: 2.126800 ms  DeleteObjects: 0.111900 ms)

========================================================================
Received Prepare
Registering precompiled user dll's ...
Registered in 0.002080 seconds.
Begin MonoManager ReloadAssembly
Native extension for WindowsStandalone target not found
Refreshing native plugins compatible for Editor in 0.42 ms, found 1 plugins.
Preloading 0 native plugins for Editor in 0.00 ms.
Mono: successfully reloaded assembly
- Completed reload, in  0.968 seconds
Platform modules already initialized, skipping
Refreshing native plugins compatible for Editor in 0.41 ms, found 1 plugins.
Preloading 0 native plugins for Editor in 0.00 ms.
Unloading 1848 Unused Serialized files (Serialized files now loaded: 0)
System memory in use before: 89.8 MB.
System memory in use after: 89.7 MB.

Unloading 14 unused Assets to reduce memory usage. Loaded Objects now: 2397.
Total: 2.761300 ms (FindLiveObjects: 0.322600 ms CreateObjectMapping: 0.165400 ms MarkObjects: 2.155200 ms  DeleteObjects: 0.116400 ms)

========================================================================
Received Prepare
Registering precompiled user dll's ...
Registered in 0.002079 seconds.
Begin MonoManager ReloadAssembly
Native extension for WindowsStandalone target not found
Refreshing native plugins compatible for Editor in 0.39 ms, found 1 plugins.
Preloading 0 native plugins for Editor in 0.00 ms.
Mono: successfully reloaded assembly
- Completed reload, in  0.998 seconds
Platform modules already initialized, skipping
Refreshing native plugins compatible for Editor in 0.38 ms, found 1 plugins.
Preloading 0 native plugins for Editor in 0.00 ms.
Unloading 1848 Unused Serialized files (Serialized files now loaded: 0)
System memory in use before: 89.8 MB.
System memory in use after: 89.8 MB.

Unloading 14 unused Assets to reduce memory usage. Loaded Objects now: 2401.
Total: 4.552100 ms (FindLiveObjects: 0.357400 ms CreateObjectMapping: 0.146400 ms MarkObjects: 3.835900 ms  DeleteObjects: 0.210300 ms)

========================================================================
Received Import Request.
  Time since last request: 960.176870 seconds.
  path: Assets/Prefabs/Enemy/Skull.prefab
  artifactKey: Guid(db5f5d524f8eff64286867d89e636803) Importer(815301076,1909f56bfc062723c751e8b465ee728b)
Start importing Assets/Prefabs/Enemy/Skull.prefab using Guid(db5f5d524f8eff64286867d89e636803) Importer(815301076,1909f56bfc062723c751e8b465ee728b)  -> (artifact id: 'd5fd9940cf8c635e2fffdcd526259ef8') in 0.078517 seconds
  Import took 0.084077 seconds .

========================================================================
Received Prepare
Registering precompiled user dll's ...
Registered in 0.002164 seconds.
Begin MonoManager ReloadAssembly
Native extension for WindowsStandalone target not found
Refreshing native plugins compatible for Editor in 0.40 ms, found 1 plugins.
Preloading 0 native plugins for Editor in 0.00 ms.
Mono: successfully reloaded assembly
- Completed reload, in  0.926 seconds
Platform modules already initialized, skipping
Refreshing native plugins compatible for Editor in 0.44 ms, found 1 plugins.
Preloading 0 native plugins for Editor in 0.00 ms.
Unloading 1848 Unused Serialized files (Serialized files now loaded: 0)
System memory in use before: 89.8 MB.
System memory in use after: 89.8 MB.

Unloading 14 unused Assets to reduce memory usage. Loaded Objects now: 2406.
Total: 4.233300 ms (FindLiveObjects: 0.322100 ms CreateObjectMapping: 0.132300 ms MarkObjects: 3.587900 ms  DeleteObjects: 0.189100 ms)

========================================================================
Received Prepare
Registering precompiled user dll's ...
Registered in 0.003221 seconds.
Begin MonoManager ReloadAssembly
Native extension for WindowsStandalone target not found
Refreshing native plugins compatible for Editor in 0.46 ms, found 1 plugins.
Preloading 0 native plugins for Editor in 0.00 ms.
Mono: successfully reloaded assembly
- Completed reload, in  1.364 seconds
Platform modules already initialized, skipping
Refreshing native plugins compatible for Editor in 0.53 ms, found 1 plugins.
Preloading 0 native plugins for Editor in 0.00 ms.
Unloading 1848 Unused Serialized files (Serialized files now loaded: 0)
System memory in use before: 89.8 MB.
System memory in use after: 89.8 MB.

Unloading 14 unused Assets to reduce memory usage. Loaded Objects now: 2410.
Total: 2.864800 ms (FindLiveObjects: 0.231000 ms CreateObjectMapping: 0.085800 ms MarkObjects: 2.387300 ms  DeleteObjects: 0.158700 ms)

========================================================================
Received Import Request.
  Time since last request: 70.500654 seconds.
  path: Assets/Prefabs/Enemy/Skull.prefab
  artifactKey: Guid(db5f5d524f8eff64286867d89e636803) Importer(815301076,1909f56bfc062723c751e8b465ee728b)
Start importing Assets/Prefabs/Enemy/Skull.prefab using Guid(db5f5d524f8eff64286867d89e636803) Importer(815301076,1909f56bfc062723c751e8b465ee728b)  -> (artifact id: '04f23ac7d7fd457270505757462b691f') in 0.073505 seconds
  Import took 0.078059 seconds .

========================================================================
Received Import Request.
  Time since last request: 25.656108 seconds.
  path: Assets/Prefabs/Enemy/Skull.prefab
  artifactKey: Guid(db5f5d524f8eff64286867d89e636803) Importer(815301076,1909f56bfc062723c751e8b465ee728b)
Start importing Assets/Prefabs/Enemy/Skull.prefab using Guid(db5f5d524f8eff64286867d89e636803) Importer(815301076,1909f56bfc062723c751e8b465ee728b)  -> (artifact id: '2535fa0cda484dea305e743a63eb1bca') in 0.013041 seconds
  Import took 0.017717 seconds .

========================================================================
Received Import Request.
  Time since last request: 0.002875 seconds.
  path: Assets/Prefabs/Enemy/Skull.prefab
  artifactKey: Guid(db5f5d524f8eff64286867d89e636803) Importer(815301076,1909f56bfc062723c751e8b465ee728b)
Start importing Assets/Prefabs/Enemy/Skull.prefab using Guid(db5f5d524f8eff64286867d89e636803) Importer(815301076,1909f56bfc062723c751e8b465ee728b)  -> (artifact id: '2535fa0cda484dea305e743a63eb1bca') in 0.013098 seconds
  Import took 0.017352 seconds .

========================================================================
Received Prepare
Registering precompiled user dll's ...
Registered in 0.002508 seconds.
Begin MonoManager ReloadAssembly
Native extension for WindowsStandalone target not found
Refreshing native plugins compatible for Editor in 0.40 ms, found 1 plugins.
Preloading 0 native plugins for Editor in 0.00 ms.
Mono: successfully reloaded assembly
- Completed reload, in  0.956 seconds
Platform modules already initialized, skipping
Refreshing native plugins compatible for Editor in 0.43 ms, found 1 plugins.
Preloading 0 native plugins for Editor in 0.00 ms.
Unloading 1848 Unused Serialized files (Serialized files now loaded: 0)
System memory in use before: 89.8 MB.
System memory in use after: 89.8 MB.

Unloading 14 unused Assets to reduce memory usage. Loaded Objects now: 2415.
Total: 2.744900 ms (FindLiveObjects: 0.276100 ms CreateObjectMapping: 0.154800 ms MarkObjects: 2.196900 ms  DeleteObjects: 0.115100 ms)

========================================================================
Received Prepare
Registering precompiled user dll's ...
Registered in 0.002247 seconds.
Begin MonoManager ReloadAssembly
Native extension for WindowsStandalone target not found
Refreshing native plugins compatible for Editor in 0.42 ms, found 1 plugins.
Preloading 0 native plugins for Editor in 0.00 ms.
Mono: successfully reloaded assembly
- Completed reload, in  1.195 seconds
Platform modules already initialized, skipping
Refreshing native plugins compatible for Editor in 0.52 ms, found 1 plugins.
Preloading 0 native plugins for Editor in 0.00 ms.
Unloading 1848 Unused Serialized files (Serialized files now loaded: 0)
System memory in use before: 89.8 MB.
System memory in use after: 89.8 MB.

Unloading 14 unused Assets to reduce memory usage. Loaded Objects now: 2419.
Total: 5.109000 ms (FindLiveObjects: 0.852600 ms CreateObjectMapping: 0.421800 ms MarkObjects: 3.667300 ms  DeleteObjects: 0.163200 ms)

========================================================================
Received Prepare
Registering precompiled user dll's ...
Registered in 0.002242 seconds.
Begin MonoManager ReloadAssembly
Native extension for WindowsStandalone target not found
Refreshing native plugins compatible for Editor in 0.40 ms, found 1 plugins.
Preloading 0 native plugins for Editor in 0.00 ms.
Mono: successfully reloaded assembly
- Completed reload, in  0.941 seconds
Platform modules already initialized, skipping
Refreshing native plugins compatible for Editor in 0.38 ms, found 1 plugins.
Preloading 0 native plugins for Editor in 0.00 ms.
Unloading 1848 Unused Serialized files (Serialized files now loaded: 0)
System memory in use before: 89.8 MB.
System memory in use after: 89.8 MB.

Unloading 14 unused Assets to reduce memory usage. Loaded Objects now: 2423.
Total: 2.573800 ms (FindLiveObjects: 0.393200 ms CreateObjectMapping: 0.072800 ms MarkObjects: 1.970000 ms  DeleteObjects: 0.136400 ms)

========================================================================
Received Prepare
Registering precompiled user dll's ...
Registered in 0.002105 seconds.
Begin MonoManager ReloadAssembly
Native extension for WindowsStandalone target not found
Refreshing native plugins compatible for Editor in 0.38 ms, found 1 plugins.
Preloading 0 native plugins for Editor in 0.00 ms.
Mono: successfully reloaded assembly
- Completed reload, in  1.034 seconds
Platform modules already initialized, skipping
Refreshing native plugins compatible for Editor in 0.38 ms, found 1 plugins.
Preloading 0 native plugins for Editor in 0.00 ms.
Unloading 1848 Unused Serialized files (Serialized files now loaded: 0)
System memory in use before: 89.8 MB.
System memory in use after: 89.8 MB.

Unloading 14 unused Assets to reduce memory usage. Loaded Objects now: 2427.
Total: 2.613000 ms (FindLiveObjects: 0.240800 ms CreateObjectMapping: 0.086700 ms MarkObjects: 2.144900 ms  DeleteObjects: 0.138800 ms)

========================================================================
Received Prepare
Registering precompiled user dll's ...
Registered in 0.002062 seconds.
Begin MonoManager ReloadAssembly
Native extension for WindowsStandalone target not found
Refreshing native plugins compatible for Editor in 0.39 ms, found 1 plugins.
Preloading 0 native plugins for Editor in 0.00 ms.
Mono: successfully reloaded assembly
- Completed reload, in  0.987 seconds
Platform modules already initialized, skipping
Refreshing native plugins compatible for Editor in 0.46 ms, found 1 plugins.
Preloading 0 native plugins for Editor in 0.00 ms.
Unloading 1848 Unused Serialized files (Serialized files now loaded: 0)
System memory in use before: 89.8 MB.
System memory in use after: 89.8 MB.

Unloading 14 unused Assets to reduce memory usage. Loaded Objects now: 2431.
Total: 2.577900 ms (FindLiveObjects: 0.248600 ms CreateObjectMapping: 0.104600 ms MarkObjects: 2.103300 ms  DeleteObjects: 0.120000 ms)

========================================================================
Received Prepare
Registering precompiled user dll's ...
Registered in 0.002129 seconds.
Begin MonoManager ReloadAssembly
Native extension for WindowsStandalone target not found
Refreshing native plugins compatible for Editor in 0.38 ms, found 1 plugins.
Preloading 0 native plugins for Editor in 0.00 ms.
Mono: successfully reloaded assembly
- Completed reload, in  0.950 seconds
Platform modules already initialized, skipping
Refreshing native plugins compatible for Editor in 0.43 ms, found 1 plugins.
Preloading 0 native plugins for Editor in 0.00 ms.
Unloading 1848 Unused Serialized files (Serialized files now loaded: 0)
System memory in use before: 89.9 MB.
System memory in use after: 89.8 MB.

Unloading 14 unused Assets to reduce memory usage. Loaded Objects now: 2435.
Total: 2.762500 ms (FindLiveObjects: 0.231600 ms CreateObjectMapping: 0.076200 ms MarkObjects: 2.217100 ms  DeleteObjects: 0.234900 ms)

========================================================================
Received Import Request.
  Time since last request: 140.513358 seconds.
  path: Assets/Prefabs/Enemy/Skull.prefab
  artifactKey: Guid(db5f5d524f8eff64286867d89e636803) Importer(815301076,1909f56bfc062723c751e8b465ee728b)
Start importing Assets/Prefabs/Enemy/Skull.prefab using Guid(db5f5d524f8eff64286867d89e636803) Importer(815301076,1909f56bfc062723c751e8b465ee728b)  -> (artifact id: 'bc63fd98ee4943ab597d0117f084f9b9') in 0.076164 seconds
  Import took 0.081162 seconds .

========================================================================
Received Import Request.
  Time since last request: 1.317094 seconds.
  path: Assets/Prefabs/Enemy/Skull.prefab
  artifactKey: Guid(db5f5d524f8eff64286867d89e636803) Importer(815301076,1909f56bfc062723c751e8b465ee728b)
Start importing Assets/Prefabs/Enemy/Skull.prefab using Guid(db5f5d524f8eff64286867d89e636803) Importer(815301076,1909f56bfc062723c751e8b465ee728b)  -> (artifact id: '05c4768013484b031df0f7f1874c1187') in 0.014494 seconds
  Import took 0.018740 seconds .

========================================================================
Received Prepare
Registering precompiled user dll's ...
Registered in 0.003237 seconds.
Begin MonoManager ReloadAssembly
Native extension for WindowsStandalone target not found
Refreshing native plugins compatible for Editor in 0.40 ms, found 1 plugins.
Preloading 0 native plugins for Editor in 0.00 ms.
Mono: successfully reloaded assembly
- Completed reload, in  0.978 seconds
Platform modules already initialized, skipping
Refreshing native plugins compatible for Editor in 0.44 ms, found 1 plugins.
Preloading 0 native plugins for Editor in 0.00 ms.
Unloading 1848 Unused Serialized files (Serialized files now loaded: 0)
System memory in use before: 89.9 MB.
System memory in use after: 89.8 MB.

Unloading 14 unused Assets to reduce memory usage. Loaded Objects now: 2440.
Total: 2.646000 ms (FindLiveObjects: 0.207900 ms CreateObjectMapping: 0.072900 ms MarkObjects: 2.240000 ms  DeleteObjects: 0.124400 ms)

========================================================================
Received Prepare
Registering precompiled user dll's ...
Registered in 0.002057 seconds.
Begin MonoManager ReloadAssembly
Native extension for WindowsStandalone target not found
Refreshing native plugins compatible for Editor in 0.40 ms, found 1 plugins.
Preloading 0 native plugins for Editor in 0.00 ms.
Mono: successfully reloaded assembly
- Completed reload, in  1.011 seconds
Platform modules already initialized, skipping
Refreshing native plugins compatible for Editor in 0.50 ms, found 1 plugins.
Preloading 0 native plugins for Editor in 0.00 ms.
Unloading 1848 Unused Serialized files (Serialized files now loaded: 0)
System memory in use before: 89.9 MB.
System memory in use after: 89.9 MB.

Unloading 14 unused Assets to reduce memory usage. Loaded Objects now: 2444.
Total: 3.163600 ms (FindLiveObjects: 0.225000 ms CreateObjectMapping: 0.083400 ms MarkObjects: 2.726400 ms  DeleteObjects: 0.127200 ms)

========================================================================
Received Import Request.
  Time since last request: 39.560252 seconds.
  path: Assets/Prefabs/Enemy/Skull.prefab
  artifactKey: Guid(db5f5d524f8eff64286867d89e636803) Importer(815301076,1909f56bfc062723c751e8b465ee728b)
Start importing Assets/Prefabs/Enemy/Skull.prefab using Guid(db5f5d524f8eff64286867d89e636803) Importer(815301076,1909f56bfc062723c751e8b465ee728b)  -> (artifact id: 'e889e0e3acf72bd9f78fabf0798195bc') in 0.077095 seconds
  Import took 0.089315 seconds .

========================================================================
Received Prepare
Registering precompiled user dll's ...
Registered in 0.002074 seconds.
Begin MonoManager ReloadAssembly
Native extension for WindowsStandalone target not found
Refreshing native plugins compatible for Editor in 0.39 ms, found 1 plugins.
Preloading 0 native plugins for Editor in 0.00 ms.
Mono: successfully reloaded assembly
- Completed reload, in  0.967 seconds
Platform modules already initialized, skipping
Refreshing native plugins compatible for Editor in 0.48 ms, found 1 plugins.
Preloading 0 native plugins for Editor in 0.00 ms.
Unloading 1848 Unused Serialized files (Serialized files now loaded: 0)
System memory in use before: 89.9 MB.
System memory in use after: 89.9 MB.

Unloading 14 unused Assets to reduce memory usage. Loaded Objects now: 2449.
Total: 3.294300 ms (FindLiveObjects: 0.597400 ms CreateObjectMapping: 0.142900 ms MarkObjects: 2.390000 ms  DeleteObjects: 0.161300 ms)

========================================================================
Received Import Request.
  Time since last request: 42.327755 seconds.
  path: Assets/Prefabs/Enemy/Skull.prefab
  artifactKey: Guid(db5f5d524f8eff64286867d89e636803) Importer(815301076,1909f56bfc062723c751e8b465ee728b)
Start importing Assets/Prefabs/Enemy/Skull.prefab using Guid(db5f5d524f8eff64286867d89e636803) Importer(815301076,1909f56bfc062723c751e8b465ee728b)  -> (artifact id: '4b1018539fd4dfb8a2b7fdf0f9ee170e') in 0.083413 seconds
  Import took 0.097407 seconds .

========================================================================
Received Prepare
Registering precompiled user dll's ...
Registered in 0.002046 seconds.
Begin MonoManager ReloadAssembly
Native extension for WindowsStandalone target not found
Refreshing native plugins compatible for Editor in 0.40 ms, found 1 plugins.
Preloading 0 native plugins for Editor in 0.00 ms.
Mono: successfully reloaded assembly
- Completed reload, in  1.021 seconds
Platform modules already initialized, skipping
Refreshing native plugins compatible for Editor in 0.43 ms, found 1 plugins.
Preloading 0 native plugins for Editor in 0.00 ms.
Unloading 1848 Unused Serialized files (Serialized files now loaded: 0)
System memory in use before: 89.9 MB.
System memory in use after: 89.9 MB.

Unloading 14 unused Assets to reduce memory usage. Loaded Objects now: 2454.
Total: 2.429000 ms (FindLiveObjects: 0.263800 ms CreateObjectMapping: 0.096500 ms MarkObjects: 1.956200 ms  DeleteObjects: 0.110500 ms)

========================================================================
Received Import Request.
  Time since last request: 252.810636 seconds.
  path: Assets/Prefabs/Enemy/Skull.prefab
  artifactKey: Guid(db5f5d524f8eff64286867d89e636803) Importer(815301076,1909f56bfc062723c751e8b465ee728b)
Start importing Assets/Prefabs/Enemy/Skull.prefab using Guid(db5f5d524f8eff64286867d89e636803) Importer(815301076,1909f56bfc062723c751e8b465ee728b)  -> (artifact id: 'c4462d4405392921ea0df109274486bd') in 0.059822 seconds
  Import took 0.065253 seconds .

========================================================================
Received Prepare
Registering precompiled user dll's ...
Registered in 0.002374 seconds.
Begin MonoManager ReloadAssembly
Native extension for WindowsStandalone target not found
Refreshing native plugins compatible for Editor in 0.44 ms, found 1 plugins.
Preloading 0 native plugins for Editor in 0.00 ms.
Mono: successfully reloaded assembly
- Completed reload, in  0.958 seconds
Platform modules already initialized, skipping
Refreshing native plugins compatible for Editor in 0.44 ms, found 1 plugins.
Preloading 0 native plugins for Editor in 0.00 ms.
Unloading 1848 Unused Serialized files (Serialized files now loaded: 0)
System memory in use before: 89.9 MB.
System memory in use after: 89.9 MB.

Unloading 14 unused Assets to reduce memory usage. Loaded Objects now: 2459.
Total: 2.625000 ms (FindLiveObjects: 0.218700 ms CreateObjectMapping: 0.075100 ms MarkObjects: 2.215500 ms  DeleteObjects: 0.114700 ms)

========================================================================
Received Prepare
Registering precompiled user dll's ...
Registered in 0.002076 seconds.
Begin MonoManager ReloadAssembly
Native extension for WindowsStandalone target not found
Refreshing native plugins compatible for Editor in 0.39 ms, found 1 plugins.
Preloading 0 native plugins for Editor in 0.00 ms.
Mono: successfully reloaded assembly
- Completed reload, in  0.973 seconds
Platform modules already initialized, skipping
Refreshing native plugins compatible for Editor in 0.48 ms, found 1 plugins.
Preloading 0 native plugins for Editor in 0.00 ms.
Unloading 1848 Unused Serialized files (Serialized files now loaded: 0)
System memory in use before: 89.9 MB.
System memory in use after: 89.9 MB.

Unloading 14 unused Assets to reduce memory usage. Loaded Objects now: 2463.
Total: 3.726200 ms (FindLiveObjects: 0.281100 ms CreateObjectMapping: 0.158300 ms MarkObjects: 3.056200 ms  DeleteObjects: 0.228800 ms)

========================================================================
Received Import Request.
  Time since last request: 8.089691 seconds.
  path: Assets/Prefabs/Enemy/Skull.prefab
  artifactKey: Guid(db5f5d524f8eff64286867d89e636803) Importer(815301076,1909f56bfc062723c751e8b465ee728b)
Start importing Assets/Prefabs/Enemy/Skull.prefab using Guid(db5f5d524f8eff64286867d89e636803) Importer(815301076,1909f56bfc062723c751e8b465ee728b)  -> (artifact id: 'de4257af071719df40a4368ee6acf168') in 0.079662 seconds
  Import took 0.092217 seconds .

========================================================================
Received Prepare
Registering precompiled user dll's ...
Registered in 0.002076 seconds.
Begin MonoManager ReloadAssembly
Native extension for WindowsStandalone target not found
Refreshing native plugins compatible for Editor in 0.39 ms, found 1 plugins.
Preloading 0 native plugins for Editor in 0.00 ms.
Mono: successfully reloaded assembly
- Completed reload, in  1.000 seconds
Platform modules already initialized, skipping
Refreshing native plugins compatible for Editor in 0.66 ms, found 1 plugins.
Preloading 0 native plugins for Editor in 0.00 ms.
Unloading 1848 Unused Serialized files (Serialized files now loaded: 0)
System memory in use before: 90.0 MB.
System memory in use after: 89.9 MB.

Unloading 14 unused Assets to reduce memory usage. Loaded Objects now: 2468.
Total: 2.910700 ms (FindLiveObjects: 0.380400 ms CreateObjectMapping: 0.130800 ms MarkObjects: 2.203900 ms  DeleteObjects: 0.193900 ms)

========================================================================
Received Import Request.
  Time since last request: 25.651691 seconds.
  path: Assets/Prefabs/Enemy/Skull.prefab
  artifactKey: Guid(db5f5d524f8eff64286867d89e636803) Importer(815301076,1909f56bfc062723c751e8b465ee728b)
Start importing Assets/Prefabs/Enemy/Skull.prefab using Guid(db5f5d524f8eff64286867d89e636803) Importer(815301076,1909f56bfc062723c751e8b465ee728b)  -> (artifact id: '7f5266614804d096e0d52126d3ecdd98') in 0.081432 seconds
  Import took 0.094803 seconds .

========================================================================
Received Import Request.
  Time since last request: 14.101982 seconds.
  path: Assets/Prefabs/Enemy/Skull.prefab
  artifactKey: Guid(db5f5d524f8eff64286867d89e636803) Importer(815301076,1909f56bfc062723c751e8b465ee728b)
Start importing Assets/Prefabs/Enemy/Skull.prefab using Guid(db5f5d524f8eff64286867d89e636803) Importer(815301076,1909f56bfc062723c751e8b465ee728b)  -> (artifact id: '615b0b71f3ce1bee9a97537ebc989c03') in 0.014487 seconds
  Import took 0.018337 seconds .

========================================================================
Received Import Request.
  Time since last request: 0.026801 seconds.
  path: Assets/Prefabs/Enemy/Skull.prefab
  artifactKey: Guid(db5f5d524f8eff64286867d89e636803) Importer(815301076,1909f56bfc062723c751e8b465ee728b)
Start importing Assets/Prefabs/Enemy/Skull.prefab using Guid(db5f5d524f8eff64286867d89e636803) Importer(815301076,1909f56bfc062723c751e8b465ee728b)  -> (artifact id: '615b0b71f3ce1bee9a97537ebc989c03') in 0.010298 seconds
  Import took 0.014777 seconds .

========================================================================
Received Prepare
Registering precompiled user dll's ...
Registered in 0.002133 seconds.
Begin MonoManager ReloadAssembly
Native extension for WindowsStandalone target not found
Refreshing native plugins compatible for Editor in 0.38 ms, found 1 plugins.
Preloading 0 native plugins for Editor in 0.00 ms.
Mono: successfully reloaded assembly
- Completed reload, in  0.979 seconds
Platform modules already initialized, skipping
Refreshing native plugins compatible for Editor in 0.46 ms, found 1 plugins.
Preloading 0 native plugins for Editor in 0.00 ms.
Unloading 1848 Unused Serialized files (Serialized files now loaded: 0)
System memory in use before: 90.0 MB.
System memory in use after: 89.9 MB.

Unloading 14 unused Assets to reduce memory usage. Loaded Objects now: 2473.
Total: 2.293400 ms (FindLiveObjects: 0.225300 ms CreateObjectMapping: 0.078100 ms MarkObjects: 1.877300 ms  DeleteObjects: 0.111600 ms)

========================================================================
Received Prepare
Registering precompiled user dll's ...
Registered in 0.002096 seconds.
Begin MonoManager ReloadAssembly
Native extension for WindowsStandalone target not found
Refreshing native plugins compatible for Editor in 0.38 ms, found 1 plugins.
Preloading 0 native plugins for Editor in 0.00 ms.
Mono: successfully reloaded assembly
- Completed reload, in  0.973 seconds
Platform modules already initialized, skipping
Refreshing native plugins compatible for Editor in 0.45 ms, found 1 plugins.
Preloading 0 native plugins for Editor in 0.00 ms.
Unloading 1848 Unused Serialized files (Serialized files now loaded: 0)
System memory in use before: 90.0 MB.
System memory in use after: 90.0 MB.

Unloading 14 unused Assets to reduce memory usage. Loaded Objects now: 2477.
Total: 2.682000 ms (FindLiveObjects: 0.238500 ms CreateObjectMapping: 0.094100 ms MarkObjects: 2.216200 ms  DeleteObjects: 0.132400 ms)

========================================================================
Received Prepare
Registering precompiled user dll's ...
Registered in 0.002512 seconds.
Begin MonoManager ReloadAssembly
Native extension for WindowsStandalone target not found
Refreshing native plugins compatible for Editor in 0.40 ms, found 1 plugins.
Preloading 0 native plugins for Editor in 0.00 ms.
Mono: successfully reloaded assembly
- Completed reload, in  0.922 seconds
Platform modules already initialized, skipping
Refreshing native plugins compatible for Editor in 0.43 ms, found 1 plugins.
Preloading 0 native plugins for Editor in 0.00 ms.
Unloading 1848 Unused Serialized files (Serialized files now loaded: 0)
System memory in use before: 90.0 MB.
System memory in use after: 90.0 MB.

Unloading 14 unused Assets to reduce memory usage. Loaded Objects now: 2481.
Total: 2.476300 ms (FindLiveObjects: 0.287600 ms CreateObjectMapping: 0.074500 ms MarkObjects: 2.001400 ms  DeleteObjects: 0.111600 ms)

========================================================================
Received Import Request.
  Time since last request: 140.014625 seconds.
  path: Assets/Prefabs/Enemy/New Physic Material.physicMaterial
  artifactKey: Guid(65209b78fc239e64ab93bae07c28a5c1) Importer(815301076,1909f56bfc062723c751e8b465ee728b)
Start importing Assets/Prefabs/Enemy/New Physic Material.physicMaterial using Guid(65209b78fc239e64ab93bae07c28a5c1) Importer(815301076,1909f56bfc062723c751e8b465ee728b)  -> (artifact id: '26f0805fbd7c8454d36d446edc080ff9') in 0.017136 seconds
  Import took 0.030141 seconds .

========================================================================
Received Import Request.
  Time since last request: 21.704418 seconds.
  path: Assets/Prefabs/Enemy/Skull.physicsMaterial2D
  artifactKey: Guid(3b41805caa009b5479eaa5c10baf9554) Importer(815301076,1909f56bfc062723c751e8b465ee728b)
Start importing Assets/Prefabs/Enemy/Skull.physicsMaterial2D using Guid(3b41805caa009b5479eaa5c10baf9554) Importer(815301076,1909f56bfc062723c751e8b465ee728b)  -> (artifact id: 'ec6bdaa0064c9a33ec26d89992788eba') in 0.006450 seconds
  Import took 0.010630 seconds .

========================================================================
Received Import Request.
  Time since last request: 0.002063 seconds.
  path: Assets/Prefabs/Enemy/Skull.physicsMaterial2D
  artifactKey: Guid(3b41805caa009b5479eaa5c10baf9554) Importer(815301076,1909f56bfc062723c751e8b465ee728b)
Start importing Assets/Prefabs/Enemy/Skull.physicsMaterial2D using Guid(3b41805caa009b5479eaa5c10baf9554) Importer(815301076,1909f56bfc062723c751e8b465ee728b)  -> (artifact id: 'ec6bdaa0064c9a33ec26d89992788eba') in 0.003325 seconds
  Import took 0.007044 seconds .

========================================================================
Received Import Request.
  Time since last request: 11.145452 seconds.
  path: Assets/Prefabs/Enemy/Skull.prefab
  artifactKey: Guid(db5f5d524f8eff64286867d89e636803) Importer(815301076,1909f56bfc062723c751e8b465ee728b)
Start importing Assets/Prefabs/Enemy/Skull.prefab using Guid(db5f5d524f8eff64286867d89e636803) Importer(815301076,1909f56bfc062723c751e8b465ee728b)  -> (artifact id: 'efa6e5db8e9ef482897edfc0e12e5768') in 0.059193 seconds
  Import took 0.063810 seconds .

========================================================================
Received Prepare
Registering precompiled user dll's ...
Registered in 0.002081 seconds.
Begin MonoManager ReloadAssembly
Native extension for WindowsStandalone target not found
Refreshing native plugins compatible for Editor in 0.72 ms, found 1 plugins.
Preloading 0 native plugins for Editor in 0.00 ms.
Mono: successfully reloaded assembly
- Completed reload, in  0.956 seconds
Platform modules already initialized, skipping
Refreshing native plugins compatible for Editor in 0.67 ms, found 1 plugins.
Preloading 0 native plugins for Editor in 0.00 ms.
Unloading 1848 Unused Serialized files (Serialized files now loaded: 0)
System memory in use before: 90.0 MB.
System memory in use after: 90.0 MB.

Unloading 14 unused Assets to reduce memory usage. Loaded Objects now: 2486.
Total: 2.471100 ms (FindLiveObjects: 0.229700 ms CreateObjectMapping: 0.081400 ms MarkObjects: 2.039000 ms  DeleteObjects: 0.119800 ms)

========================================================================
Received Prepare
Registering precompiled user dll's ...
Registered in 0.002060 seconds.
Begin MonoManager ReloadAssembly
Native extension for WindowsStandalone target not found
Refreshing native plugins compatible for Editor in 0.70 ms, found 1 plugins.
Preloading 0 native plugins for Editor in 0.00 ms.
Mono: successfully reloaded assembly
- Completed reload, in  0.952 seconds
Platform modules already initialized, skipping
Refreshing native plugins compatible for Editor in 0.45 ms, found 1 plugins.
Preloading 0 native plugins for Editor in 0.00 ms.
Unloading 1848 Unused Serialized files (Serialized files now loaded: 0)
System memory in use before: 90.0 MB.
System memory in use after: 90.0 MB.

Unloading 14 unused Assets to reduce memory usage. Loaded Objects now: 2490.
Total: 2.686900 ms (FindLiveObjects: 0.233000 ms CreateObjectMapping: 0.091100 ms MarkObjects: 2.244400 ms  DeleteObjects: 0.117400 ms)

========================================================================
Received Prepare
Registering precompiled user dll's ...
Registered in 0.002282 seconds.
Begin MonoManager ReloadAssembly
Native extension for WindowsStandalone target not found
Refreshing native plugins compatible for Editor in 0.73 ms, found 1 plugins.
Preloading 0 native plugins for Editor in 0.00 ms.
Mono: successfully reloaded assembly
- Completed reload, in  0.972 seconds
Platform modules already initialized, skipping
Refreshing native plugins compatible for Editor in 0.46 ms, found 1 plugins.
Preloading 0 native plugins for Editor in 0.00 ms.
Unloading 1848 Unused Serialized files (Serialized files now loaded: 0)
System memory in use before: 90.0 MB.
System memory in use after: 90.0 MB.

Unloading 14 unused Assets to reduce memory usage. Loaded Objects now: 2494.
Total: 3.331100 ms (FindLiveObjects: 0.304200 ms CreateObjectMapping: 0.109600 ms MarkObjects: 2.761100 ms  DeleteObjects: 0.154900 ms)

========================================================================
Received Prepare
Registering precompiled user dll's ...
Registered in 0.002062 seconds.
Begin MonoManager ReloadAssembly
Native extension for WindowsStandalone target not found
Refreshing native plugins compatible for Editor in 0.61 ms, found 1 plugins.
Preloading 0 native plugins for Editor in 0.00 ms.
Mono: successfully reloaded assembly
- Completed reload, in  1.004 seconds
Platform modules already initialized, skipping
Refreshing native plugins compatible for Editor in 0.47 ms, found 1 plugins.
Preloading 0 native plugins for Editor in 0.00 ms.
Unloading 1848 Unused Serialized files (Serialized files now loaded: 0)
System memory in use before: 90.0 MB.
System memory in use after: 90.0 MB.

Unloading 14 unused Assets to reduce memory usage. Loaded Objects now: 2498.
Total: 2.368000 ms (FindLiveObjects: 0.233500 ms CreateObjectMapping: 0.096700 ms MarkObjects: 1.926100 ms  DeleteObjects: 0.110300 ms)

========================================================================
Received Import Request.
  Time since last request: 205.490140 seconds.
  path: Assets/Prefabs/Enemy/Skull.physicsMaterial2D
  artifactKey: Guid(3b41805caa009b5479eaa5c10baf9554) Importer(815301076,1909f56bfc062723c751e8b465ee728b)
Start importing Assets/Prefabs/Enemy/Skull.physicsMaterial2D using Guid(3b41805caa009b5479eaa5c10baf9554) Importer(815301076,1909f56bfc062723c751e8b465ee728b)  -> (artifact id: '6cea4509b0bdf91f4b9fc6dc1d27921e') in 0.012695 seconds
  Import took 0.017683 seconds .

========================================================================
Received Prepare
Registering precompiled user dll's ...
Registered in 0.002112 seconds.
Begin MonoManager ReloadAssembly
Native extension for WindowsStandalone target not found
Refreshing native plugins compatible for Editor in 0.43 ms, found 1 plugins.
Preloading 0 native plugins for Editor in 0.00 ms.
Mono: successfully reloaded assembly
- Completed reload, in  0.953 seconds
Platform modules already initialized, skipping
Refreshing native plugins compatible for Editor in 0.43 ms, found 1 plugins.
Preloading 0 native plugins for Editor in 0.00 ms.
Unloading 1848 Unused Serialized files (Serialized files now loaded: 0)
System memory in use before: 90.0 MB.
System memory in use after: 90.0 MB.

Unloading 14 unused Assets to reduce memory usage. Loaded Objects now: 2502.
Total: 2.375200 ms (FindLiveObjects: 0.198600 ms CreateObjectMapping: 0.069900 ms MarkObjects: 2.001400 ms  DeleteObjects: 0.104700 ms)

========================================================================
Received Import Request.
  Time since last request: 78.928524 seconds.
  path: Assets/Prefabs/Enemy/Skull.physicsMaterial2D
  artifactKey: Guid(3b41805caa009b5479eaa5c10baf9554) Importer(815301076,1909f56bfc062723c751e8b465ee728b)
Start importing Assets/Prefabs/Enemy/Skull.physicsMaterial2D using Guid(3b41805caa009b5479eaa5c10baf9554) Importer(815301076,1909f56bfc062723c751e8b465ee728b)  -> (artifact id: '13443b2ae9e5df159ba59412f7db9e6e') in 0.013357 seconds
  Import took 0.018728 seconds .

========================================================================
Received Import Request.
  Time since last request: 0.010637 seconds.
  path: Assets/Prefabs/Enemy/Skull.physicsMaterial2D
  artifactKey: Guid(3b41805caa009b5479eaa5c10baf9554) Importer(815301076,1909f56bfc062723c751e8b465ee728b)
Start importing Assets/Prefabs/Enemy/Skull.physicsMaterial2D using Guid(3b41805caa009b5479eaa5c10baf9554) Importer(815301076,1909f56bfc062723c751e8b465ee728b)  -> (artifact id: '13443b2ae9e5df159ba59412f7db9e6e') in 0.003246 seconds
  Import took 0.006415 seconds .

========================================================================
Received Prepare
Registering precompiled user dll's ...
Registered in 0.002792 seconds.
Begin MonoManager ReloadAssembly
Native extension for WindowsStandalone target not found
Refreshing native plugins compatible for Editor in 0.41 ms, found 1 plugins.
Preloading 0 native plugins for Editor in 0.00 ms.
Mono: successfully reloaded assembly
- Completed reload, in  0.972 seconds
Platform modules already initialized, skipping
Refreshing native plugins compatible for Editor in 0.45 ms, found 1 plugins.
Preloading 0 native plugins for Editor in 0.00 ms.
Unloading 1848 Unused Serialized files (Serialized files now loaded: 0)
System memory in use before: 90.0 MB.
System memory in use after: 90.0 MB.

Unloading 14 unused Assets to reduce memory usage. Loaded Objects now: 2506.
Total: 2.396700 ms (FindLiveObjects: 0.214800 ms CreateObjectMapping: 0.078300 ms MarkObjects: 1.982300 ms  DeleteObjects: 0.120200 ms)

========================================================================
Received Prepare
Registering precompiled user dll's ...
Registered in 0.002471 seconds.
Begin MonoManager ReloadAssembly
Native extension for WindowsStandalone target not found
Refreshing native plugins compatible for Editor in 0.39 ms, found 1 plugins.
Preloading 0 native plugins for Editor in 0.00 ms.
Mono: successfully reloaded assembly
- Completed reload, in  1.000 seconds
Platform modules already initialized, skipping
Refreshing native plugins compatible for Editor in 0.58 ms, found 1 plugins.
Preloading 0 native plugins for Editor in 0.00 ms.
Unloading 1848 Unused Serialized files (Serialized files now loaded: 0)
System memory in use before: 90.1 MB.
System memory in use after: 90.0 MB.

Unloading 14 unused Assets to reduce memory usage. Loaded Objects now: 2510.
Total: 3.145000 ms (FindLiveObjects: 0.375600 ms CreateObjectMapping: 0.100900 ms MarkObjects: 2.539400 ms  DeleteObjects: 0.127300 ms)

========================================================================
Received Import Request.
  Time since last request: 179.770883 seconds.
  path: Assets/Prefabs/Enemy/Skull.prefab
  artifactKey: Guid(db5f5d524f8eff64286867d89e636803) Importer(815301076,1909f56bfc062723c751e8b465ee728b)
Start importing Assets/Prefabs/Enemy/Skull.prefab using Guid(db5f5d524f8eff64286867d89e636803) Importer(815301076,1909f56bfc062723c751e8b465ee728b)  -> (artifact id: '665c122d9afbfc8eff69676e994989b4') in 0.074162 seconds
  Import took 0.078254 seconds .

========================================================================
Received Import Request.
  Time since last request: 7.422475 seconds.
  path: Assets/Prefabs/Enemy/Skull.prefab
  artifactKey: Guid(db5f5d524f8eff64286867d89e636803) Importer(815301076,1909f56bfc062723c751e8b465ee728b)
Start importing Assets/Prefabs/Enemy/Skull.prefab using Guid(db5f5d524f8eff64286867d89e636803) Importer(815301076,1909f56bfc062723c751e8b465ee728b)  -> (artifact id: 'da45f0c1878edfbf2f7e2109b4044a5b') in 0.013079 seconds
  Import took 0.017173 seconds .

========================================================================
Received Prepare
Registering precompiled user dll's ...
Registered in 0.002102 seconds.
Begin MonoManager ReloadAssembly
Native extension for WindowsStandalone target not found
Refreshing native plugins compatible for Editor in 0.42 ms, found 1 plugins.
Preloading 0 native plugins for Editor in 0.00 ms.
Mono: successfully reloaded assembly
- Completed reload, in  0.974 seconds
Platform modules already initialized, skipping
Refreshing native plugins compatible for Editor in 0.50 ms, found 1 plugins.
Preloading 0 native plugins for Editor in 0.00 ms.
Unloading 1848 Unused Serialized files (Serialized files now loaded: 0)
System memory in use before: 90.1 MB.
System memory in use after: 90.0 MB.

Unloading 14 unused Assets to reduce memory usage. Loaded Objects now: 2515.
Total: 3.046400 ms (FindLiveObjects: 0.325900 ms CreateObjectMapping: 0.224000 ms MarkObjects: 2.370800 ms  DeleteObjects: 0.123600 ms)

========================================================================
Received Import Request.
  Time since last request: 6.714393 seconds.
  path: Assets/Prefabs/Enemy/Skull.prefab
  artifactKey: Guid(db5f5d524f8eff64286867d89e636803) Importer(815301076,1909f56bfc062723c751e8b465ee728b)
Start importing Assets/Prefabs/Enemy/Skull.prefab using Guid(db5f5d524f8eff64286867d89e636803) Importer(815301076,1909f56bfc062723c751e8b465ee728b)  -> (artifact id: '397dd6e5e7e25f067a92839132084b81') in 0.074438 seconds
  Import took 0.079728 seconds .

========================================================================
Received Import Request.
  Time since last request: 0.000753 seconds.
  path: Assets/Prefabs/Enemy/Skull.prefab
  artifactKey: Guid(db5f5d524f8eff64286867d89e636803) Importer(815301076,1909f56bfc062723c751e8b465ee728b)
Start importing Assets/Prefabs/Enemy/Skull.prefab using Guid(db5f5d524f8eff64286867d89e636803) Importer(815301076,1909f56bfc062723c751e8b465ee728b)  -> (artifact id: '397dd6e5e7e25f067a92839132084b81') in 0.011300 seconds
  Import took 0.014891 seconds .

========================================================================
Received Prepare
Registering precompiled user dll's ...
Registered in 0.002101 seconds.
Begin MonoManager ReloadAssembly
Native extension for WindowsStandalone target not found
Refreshing native plugins compatible for Editor in 0.42 ms, found 1 plugins.
Preloading 0 native plugins for Editor in 0.00 ms.
Mono: successfully reloaded assembly
- Completed reload, in  0.968 seconds
Platform modules already initialized, skipping
Refreshing native plugins compatible for Editor in 0.48 ms, found 1 plugins.
Preloading 0 native plugins for Editor in 0.00 ms.
Unloading 1848 Unused Serialized files (Serialized files now loaded: 0)
System memory in use before: 90.1 MB.
System memory in use after: 90.0 MB.

Unloading 14 unused Assets to reduce memory usage. Loaded Objects now: 2520.
Total: 2.351600 ms (FindLiveObjects: 0.176100 ms CreateObjectMapping: 0.061200 ms MarkObjects: 2.003300 ms  DeleteObjects: 0.109800 ms)

========================================================================
Received Import Request.
  Time since last request: 122.330161 seconds.
  path: Assets/Prefabs/Enemy/Skull.physicsMaterial2D
  artifactKey: Guid(3b41805caa009b5479eaa5c10baf9554) Importer(815301076,1909f56bfc062723c751e8b465ee728b)
Start importing Assets/Prefabs/Enemy/Skull.physicsMaterial2D using Guid(3b41805caa009b5479eaa5c10baf9554) Importer(815301076,1909f56bfc062723c751e8b465ee728b)  -> (artifact id: '34dcb77274d97680a707df79186f05d2') in 0.015705 seconds
  Import took 0.019567 seconds .

========================================================================
Received Import Request.
  Time since last request: 15.277829 seconds.
  path: Assets/Prefabs/Enemy/Skull.physicsMaterial2D
  artifactKey: Guid(3b41805caa009b5479eaa5c10baf9554) Importer(815301076,1909f56bfc062723c751e8b465ee728b)
Start importing Assets/Prefabs/Enemy/Skull.physicsMaterial2D using Guid(3b41805caa009b5479eaa5c10baf9554) Importer(815301076,1909f56bfc062723c751e8b465ee728b)  -> (artifact id: '2e2a68efc14b43617e72dc10985b29ca') in 0.003917 seconds
  Import took 0.009038 seconds .

========================================================================
Received Prepare
Registering precompiled user dll's ...
Registered in 0.002171 seconds.
Begin MonoManager ReloadAssembly
Native extension for WindowsStandalone target not found
Refreshing native plugins compatible for Editor in 0.74 ms, found 1 plugins.
Preloading 0 native plugins for Editor in 0.00 ms.
Mono: successfully reloaded assembly
- Completed reload, in  0.954 seconds
Platform modules already initialized, skipping
Refreshing native plugins compatible for Editor in 0.44 ms, found 1 plugins.
Preloading 0 native plugins for Editor in 0.00 ms.
Unloading 1848 Unused Serialized files (Serialized files now loaded: 0)
System memory in use before: 90.1 MB.
System memory in use after: 90.1 MB.

Unloading 14 unused Assets to reduce memory usage. Loaded Objects now: 2524.
Total: 2.477700 ms (FindLiveObjects: 0.220700 ms CreateObjectMapping: 0.071100 ms MarkObjects: 2.068800 ms  DeleteObjects: 0.116100 ms)

========================================================================
Received Prepare
Registering precompiled user dll's ...
Registered in 0.002084 seconds.
Begin MonoManager ReloadAssembly
Native extension for WindowsStandalone target not found
Refreshing native plugins compatible for Editor in 0.44 ms, found 1 plugins.
Preloading 0 native plugins for Editor in 0.00 ms.
Mono: successfully reloaded assembly
- Completed reload, in  0.992 seconds
Platform modules already initialized, skipping
Refreshing native plugins compatible for Editor in 0.44 ms, found 1 plugins.
Preloading 0 native plugins for Editor in 0.00 ms.
Unloading 1848 Unused Serialized files (Serialized files now loaded: 0)
System memory in use before: 90.1 MB.
System memory in use after: 90.1 MB.

Unloading 14 unused Assets to reduce memory usage. Loaded Objects now: 2528.
Total: 2.380500 ms (FindLiveObjects: 0.273500 ms CreateObjectMapping: 0.104100 ms MarkObjects: 1.882300 ms  DeleteObjects: 0.119000 ms)

========================================================================
Received Prepare
Registering precompiled user dll's ...
Registered in 0.002275 seconds.
Begin MonoManager ReloadAssembly
Native extension for WindowsStandalone target not found
Refreshing native plugins compatible for Editor in 0.40 ms, found 1 plugins.
Preloading 0 native plugins for Editor in 0.00 ms.
Mono: successfully reloaded assembly
- Completed reload, in  1.008 seconds
Platform modules already initialized, skipping
Refreshing native plugins compatible for Editor in 0.45 ms, found 1 plugins.
Preloading 0 native plugins for Editor in 0.00 ms.
Unloading 1848 Unused Serialized files (Serialized files now loaded: 0)
System memory in use before: 90.1 MB.
System memory in use after: 90.1 MB.

Unloading 14 unused Assets to reduce memory usage. Loaded Objects now: 2532.
Total: 2.527300 ms (FindLiveObjects: 0.351900 ms CreateObjectMapping: 0.119600 ms MarkObjects: 1.943300 ms  DeleteObjects: 0.111000 ms)

========================================================================
Received Prepare
Registering precompiled user dll's ...
Registered in 0.003171 seconds.
Begin MonoManager ReloadAssembly
Native extension for WindowsStandalone target not found
Refreshing native plugins compatible for Editor in 0.37 ms, found 1 plugins.
Preloading 0 native plugins for Editor in 0.00 ms.
Mono: successfully reloaded assembly
- Completed reload, in  1.027 seconds
Platform modules already initialized, skipping
Refreshing native plugins compatible for Editor in 0.45 ms, found 1 plugins.
Preloading 0 native plugins for Editor in 0.00 ms.
Unloading 1849 Unused Serialized files (Serialized files now loaded: 0)
System memory in use before: 90.1 MB.
System memory in use after: 90.1 MB.

Unloading 14 unused Assets to reduce memory usage. Loaded Objects now: 2537.
Total: 2.353100 ms (FindLiveObjects: 0.242500 ms CreateObjectMapping: 0.091700 ms MarkObjects: 1.904100 ms  DeleteObjects: 0.113200 ms)

========================================================================
Received Prepare
Registering precompiled user dll's ...
Registered in 0.002104 seconds.
Begin MonoManager ReloadAssembly
Native extension for WindowsStandalone target not found
Refreshing native plugins compatible for Editor in 0.38 ms, found 1 plugins.
Preloading 0 native plugins for Editor in 0.00 ms.
Mono: successfully reloaded assembly
- Completed reload, in  0.950 seconds
Platform modules already initialized, skipping
Refreshing native plugins compatible for Editor in 0.41 ms, found 1 plugins.
Preloading 0 native plugins for Editor in 0.00 ms.
Unloading 1849 Unused Serialized files (Serialized files now loaded: 0)
System memory in use before: 90.1 MB.
System memory in use after: 90.1 MB.

Unloading 14 unused Assets to reduce memory usage. Loaded Objects now: 2541.
Total: 2.380900 ms (FindLiveObjects: 0.231400 ms CreateObjectMapping: 0.101300 ms MarkObjects: 1.927800 ms  DeleteObjects: 0.118700 ms)

========================================================================
Received Prepare
Registering precompiled user dll's ...
Registered in 0.002516 seconds.
Begin MonoManager ReloadAssembly
Native extension for WindowsStandalone target not found
Refreshing native plugins compatible for Editor in 0.40 ms, found 1 plugins.
Preloading 0 native plugins for Editor in 0.00 ms.
Mono: successfully reloaded assembly
- Completed reload, in  1.088 seconds
Platform modules already initialized, skipping
Refreshing native plugins compatible for Editor in 0.37 ms, found 1 plugins.
Preloading 0 native plugins for Editor in 0.00 ms.
Unloading 1849 Unused Serialized files (Serialized files now loaded: 0)
System memory in use before: 90.1 MB.
System memory in use after: 90.1 MB.

Unloading 14 unused Assets to reduce memory usage. Loaded Objects now: 2545.
Total: 2.444600 ms (FindLiveObjects: 0.230100 ms CreateObjectMapping: 0.077600 ms MarkObjects: 2.018100 ms  DeleteObjects: 0.118000 ms)

========================================================================
Received Prepare
Registering precompiled user dll's ...
Registered in 0.002158 seconds.
Begin MonoManager ReloadAssembly
Native extension for WindowsStandalone target not found
Refreshing native plugins compatible for Editor in 0.41 ms, found 1 plugins.
Preloading 0 native plugins for Editor in 0.00 ms.
Mono: successfully reloaded assembly
- Completed reload, in  0.971 seconds
Platform modules already initialized, skipping
Refreshing native plugins compatible for Editor in 0.36 ms, found 1 plugins.
Preloading 0 native plugins for Editor in 0.00 ms.
Unloading 1849 Unused Serialized files (Serialized files now loaded: 0)
System memory in use before: 90.1 MB.
System memory in use after: 90.1 MB.

Unloading 14 unused Assets to reduce memory usage. Loaded Objects now: 2549.
Total: 2.633800 ms (FindLiveObjects: 0.385000 ms CreateObjectMapping: 0.117400 ms MarkObjects: 2.020900 ms  DeleteObjects: 0.107100 ms)

========================================================================
Received Prepare
Registering precompiled user dll's ...
Registered in 0.002189 seconds.
Begin MonoManager ReloadAssembly
Native extension for WindowsStandalone target not found
Refreshing native plugins compatible for Editor in 0.38 ms, found 1 plugins.
Preloading 0 native plugins for Editor in 0.00 ms.
Mono: successfully reloaded assembly
- Completed reload, in  0.935 seconds
Platform modules already initialized, skipping
Refreshing native plugins compatible for Editor in 0.43 ms, found 1 plugins.
Preloading 0 native plugins for Editor in 0.00 ms.
Unloading 1849 Unused Serialized files (Serialized files now loaded: 0)
System memory in use before: 90.2 MB.
System memory in use after: 90.1 MB.

Unloading 14 unused Assets to reduce memory usage. Loaded Objects now: 2553.
Total: 2.668500 ms (FindLiveObjects: 0.278400 ms CreateObjectMapping: 0.114600 ms MarkObjects: 2.159700 ms  DeleteObjects: 0.114400 ms)

========================================================================
Received Prepare
Registering precompiled user dll's ...
Registered in 0.002097 seconds.
Begin MonoManager ReloadAssembly
Native extension for WindowsStandalone target not found
Refreshing native plugins compatible for Editor in 0.41 ms, found 1 plugins.
Preloading 0 native plugins for Editor in 0.00 ms.
Mono: successfully reloaded assembly
- Completed reload, in  1.033 seconds
Platform modules already initialized, skipping
Refreshing native plugins compatible for Editor in 0.40 ms, found 1 plugins.
Preloading 0 native plugins for Editor in 0.00 ms.
Unloading 1849 Unused Serialized files (Serialized files now loaded: 0)
System memory in use before: 90.2 MB.
System memory in use after: 90.1 MB.

Unloading 14 unused Assets to reduce memory usage. Loaded Objects now: 2557.
Total: 2.542700 ms (FindLiveObjects: 0.264700 ms CreateObjectMapping: 0.112100 ms MarkObjects: 2.047800 ms  DeleteObjects: 0.116700 ms)

========================================================================
Received Prepare
Registering precompiled user dll's ...
Registered in 0.002086 seconds.
Begin MonoManager ReloadAssembly
Native extension for WindowsStandalone target not found
Refreshing native plugins compatible for Editor in 0.37 ms, found 1 plugins.
Preloading 0 native plugins for Editor in 0.00 ms.
Mono: successfully reloaded assembly
- Completed reload, in  0.940 seconds
Platform modules already initialized, skipping
Refreshing native plugins compatible for Editor in 0.41 ms, found 1 plugins.
Preloading 0 native plugins for Editor in 0.00 ms.
Unloading 1849 Unused Serialized files (Serialized files now loaded: 0)
System memory in use before: 90.2 MB.
System memory in use after: 90.2 MB.

Unloading 14 unused Assets to reduce memory usage. Loaded Objects now: 2561.
Total: 2.928700 ms (FindLiveObjects: 0.283200 ms CreateObjectMapping: 0.140800 ms MarkObjects: 2.360900 ms  DeleteObjects: 0.142100 ms)

========================================================================
Received Import Request.
  Time since last request: 657.171301 seconds.
  path: Assets/Prefabs/Enemy/Skull.prefab
  artifactKey: Guid(db5f5d524f8eff64286867d89e636803) Importer(815301076,1909f56bfc062723c751e8b465ee728b)
Start importing Assets/Prefabs/Enemy/Skull.prefab using Guid(db5f5d524f8eff64286867d89e636803) Importer(815301076,1909f56bfc062723c751e8b465ee728b)  -> (artifact id: 'd9b555379834a8d2b3c5ca20336cbbf1') in 0.087107 seconds
  Import took 0.090895 seconds .

========================================================================
Received Prepare
Registering precompiled user dll's ...
Registered in 0.002137 seconds.
Begin MonoManager ReloadAssembly
Native extension for WindowsStandalone target not found
Refreshing native plugins compatible for Editor in 0.37 ms, found 1 plugins.
Preloading 0 native plugins for Editor in 0.00 ms.
Mono: successfully reloaded assembly
- Completed reload, in  0.948 seconds
Platform modules already initialized, skipping
Refreshing native plugins compatible for Editor in 0.38 ms, found 1 plugins.
Preloading 0 native plugins for Editor in 0.00 ms.
Unloading 1849 Unused Serialized files (Serialized files now loaded: 0)
System memory in use before: 90.2 MB.
System memory in use after: 90.2 MB.

Unloading 14 unused Assets to reduce memory usage. Loaded Objects now: 2566.
Total: 2.466400 ms (FindLiveObjects: 0.237900 ms CreateObjectMapping: 0.098700 ms MarkObjects: 1.992800 ms  DeleteObjects: 0.135800 ms)

========================================================================
Received Prepare
Registering precompiled user dll's ...
Registered in 0.002077 seconds.
Begin MonoManager ReloadAssembly
Native extension for WindowsStandalone target not found
Refreshing native plugins compatible for Editor in 0.66 ms, found 1 plugins.
Preloading 0 native plugins for Editor in 0.00 ms.
Mono: successfully reloaded assembly
- Completed reload, in  0.983 seconds
Platform modules already initialized, skipping
Refreshing native plugins compatible for Editor in 0.37 ms, found 1 plugins.
Preloading 0 native plugins for Editor in 0.00 ms.
Unloading 1849 Unused Serialized files (Serialized files now loaded: 0)
System memory in use before: 90.2 MB.
System memory in use after: 90.2 MB.

Unloading 14 unused Assets to reduce memory usage. Loaded Objects now: 2570.
Total: 4.636100 ms (FindLiveObjects: 0.442700 ms CreateObjectMapping: 0.187000 ms MarkObjects: 3.790600 ms  DeleteObjects: 0.212500 ms)

========================================================================
Received Import Request.
  Time since last request: 257.417437 seconds.
  path: Assets/Prefabs/Player.physicsMaterial2D
  artifactKey: Guid(8139d618f82731748a5a2dc831cecaca) Importer(815301076,1909f56bfc062723c751e8b465ee728b)
Start importing Assets/Prefabs/Player.physicsMaterial2D using Guid(8139d618f82731748a5a2dc831cecaca) Importer(815301076,1909f56bfc062723c751e8b465ee728b)  -> (artifact id: '895cc79ea4a0a8569d102439d97eaf9f') in 0.021082 seconds
  Import took 0.025749 seconds .

========================================================================
Received Import Request.
  Time since last request: 0.000676 seconds.
  path: Assets/Prefabs/Player.physicsMaterial2D
  artifactKey: Guid(8139d618f82731748a5a2dc831cecaca) Importer(815301076,1909f56bfc062723c751e8b465ee728b)
Start importing Assets/Prefabs/Player.physicsMaterial2D using Guid(8139d618f82731748a5a2dc831cecaca) Importer(815301076,1909f56bfc062723c751e8b465ee728b)  -> (artifact id: '895cc79ea4a0a8569d102439d97eaf9f') in 0.003804 seconds
  Import took 0.007799 seconds .

========================================================================
Received Import Request.
  Time since last request: 68.989447 seconds.
  path: Assets/Prefabs/Player.prefab
  artifactKey: Guid(4d0c20c3768005a45ab445609fd00135) Importer(815301076,1909f56bfc062723c751e8b465ee728b)
Start importing Assets/Prefabs/Player.prefab using Guid(4d0c20c3768005a45ab445609fd00135) Importer(815301076,1909f56bfc062723c751e8b465ee728b)  -> (artifact id: '52849746ca31c02cc8e2bdb138115061') in 0.079558 seconds
  Import took 0.083988 seconds .

========================================================================
Received Import Request.
  Time since last request: 12.386406 seconds.
  path: Assets/Prefabs/Turret.prefab
  artifactKey: Guid(0634e801b7d410f4ab461111f9754787) Importer(815301076,1909f56bfc062723c751e8b465ee728b)
Start importing Assets/Prefabs/Turret.prefab using Guid(0634e801b7d410f4ab461111f9754787) Importer(815301076,1909f56bfc062723c751e8b465ee728b)  -> (artifact id: 'e09090ade622549f9c9ccae00e100548') in 0.028737 seconds
  Import took 0.033089 seconds .

========================================================================
Received Prepare
Registering precompiled user dll's ...
Registered in 0.002174 seconds.
Begin MonoManager ReloadAssembly
Native extension for WindowsStandalone target not found
Refreshing native plugins compatible for Editor in 0.39 ms, found 1 plugins.
Preloading 0 native plugins for Editor in 0.00 ms.
Mono: successfully reloaded assembly
- Completed reload, in  0.989 seconds
Platform modules already initialized, skipping
Refreshing native plugins compatible for Editor in 0.38 ms, found 1 plugins.
Preloading 0 native plugins for Editor in 0.00 ms.
Unloading 1849 Unused Serialized files (Serialized files now loaded: 0)
System memory in use before: 90.2 MB.
System memory in use after: 90.2 MB.

Unloading 14 unused Assets to reduce memory usage. Loaded Objects now: 2575.
Total: 3.846900 ms (FindLiveObjects: 0.332600 ms CreateObjectMapping: 0.140800 ms MarkObjects: 3.176500 ms  DeleteObjects: 0.195600 ms)

========================================================================
Received Prepare
Registering precompiled user dll's ...
Registered in 0.002280 seconds.
Begin MonoManager ReloadAssembly
Native extension for WindowsStandalone target not found
Refreshing native plugins compatible for Editor in 0.39 ms, found 1 plugins.
Preloading 0 native plugins for Editor in 0.00 ms.
Mono: successfully reloaded assembly
- Completed reload, in  0.953 seconds
Platform modules already initialized, skipping
Refreshing native plugins compatible for Editor in 0.41 ms, found 1 plugins.
Preloading 0 native plugins for Editor in 0.00 ms.
Unloading 1849 Unused Serialized files (Serialized files now loaded: 0)
System memory in use before: 90.2 MB.
System memory in use after: 90.2 MB.

Unloading 14 unused Assets to reduce memory usage. Loaded Objects now: 2579.
Total: 2.585300 ms (FindLiveObjects: 0.259400 ms CreateObjectMapping: 0.094800 ms MarkObjects: 2.105300 ms  DeleteObjects: 0.124600 ms)

========================================================================
Received Prepare
Registering precompiled user dll's ...
Registered in 0.002131 seconds.
Begin MonoManager ReloadAssembly
Native extension for WindowsStandalone target not found
Refreshing native plugins compatible for Editor in 0.42 ms, found 1 plugins.
Preloading 0 native plugins for Editor in 0.00 ms.
Mono: successfully reloaded assembly
- Completed reload, in  0.942 seconds
Platform modules already initialized, skipping
Refreshing native plugins compatible for Editor in 0.38 ms, found 1 plugins.
Preloading 0 native plugins for Editor in 0.00 ms.
Unloading 1849 Unused Serialized files (Serialized files now loaded: 0)
System memory in use before: 90.2 MB.
System memory in use after: 90.2 MB.

Unloading 14 unused Assets to reduce memory usage. Loaded Objects now: 2583.
Total: 2.588400 ms (FindLiveObjects: 0.239600 ms CreateObjectMapping: 0.081600 ms MarkObjects: 2.146600 ms  DeleteObjects: 0.119300 ms)

